{"/Users/admin/Documents/GitHub/POOLTogether/backend/LIBRARIES/v4-js/src/PoolTogetherV4.ts": {"path":"/Users/admin/Documents/GitHub/POOLTogether/backend/LIBRARIES/v4-js/src/PoolTogetherV4.ts","statementMap":{"0":{"start":{"line":1,"column":0},"end":{"line":1,"column":35}},"1":{"start":{"line":4,"column":0},"end":{"line":4,"column":58}},"2":{"start":{"line":8,"column":0},"end":{"line":8,"column":52}},"3":{"start":{"line":9,"column":14},"end":{"line":9,"column":44}},"4":{"start":{"line":14,"column":0},"end":{"line":14,"column":13}},"5":{"start":{"line":26,"column":4},"end":{"line":28,"column":null}},"6":{"start":{"line":27,"column":6},"end":{"line":27,"column":37}},"7":{"start":{"line":30,"column":4},"end":{"line":30,"column":35}},"8":{"start":{"line":31,"column":4},"end":{"line":31,"column":31}},"9":{"start":{"line":32,"column":4},"end":{"line":32,"column":37}},"10":{"start":{"line":33,"column":4},"end":{"line":33,"column":25}},"11":{"start":{"line":35,"column":4},"end":{"line":35,"column":30}},"12":{"start":{"line":36,"column":4},"end":{"line":36,"column":16}},"13":{"start":{"line":39,"column":2},"end":{"line":43,"column":null}},"14":{"start":{"line":40,"column":4},"end":{"line":42,"column":72}},"15":{"start":{"line":45,"column":2},"end":{"line":47,"column":null}},"16":{"start":{"line":46,"column":4},"end":{"line":46,"column":65}},"17":{"start":{"line":49,"column":8},"end":{"line":53,"column":null}},"18":{"start":{"line":50,"column":4},"end":{"line":52,"column":7}},"19":{"start":{"line":51,"column":6},"end":{"line":51,"column":39}},"20":{"start":{"line":55,"column":2},"end":{"line":67,"column":null}},"21":{"start":{"line":56,"column":4},"end":{"line":56,"column":45}},"22":{"start":{"line":56,"column":28},"end":{"line":56,"column":45}},"23":{"start":{"line":57,"column":21},"end":{"line":58,"column":null}},"24":{"start":{"line":58,"column":25},"end":{"line":58,"column":null}},"25":{"start":{"line":60,"column":4},"end":{"line":60,"column":36}},"26":{"start":{"line":60,"column":19},"end":{"line":60,"column":36}},"27":{"start":{"line":61,"column":4},"end":{"line":61,"column":50}},"28":{"start":{"line":62,"column":4},"end":{"line":66,"column":6}},"29":{"start":{"line":69,"column":2},"end":{"line":74,"column":null}},"30":{"start":{"line":69,"column":2},"end":{"line":69,"column":14}},"31":{"start":{"line":70,"column":4},"end":{"line":70,"column":70}},"32":{"start":{"line":70,"column":53},"end":{"line":70,"column":70}},"33":{"start":{"line":71,"column":4},"end":{"line":73,"column":7}},"34":{"start":{"line":72,"column":6},"end":{"line":72,"column":39}},"35":{"start":{"line":76,"column":8},"end":{"line":78,"column":null}},"36":{"start":{"line":77,"column":4},"end":{"line":77,"column":29}},"37":{"start":{"line":79,"column":0},"end":{"line":79,"column":null}},"38":{"start":{"line":14,"column":13},"end":{"line":14,"column":27}},"39":{"start":{"line":81,"column":0},"end":{"line":81,"column":30}}},"fnMap":{"0":{"name":"(anonymous_0)","decl":{"start":{"line":14,"column":0},"end":{"line":14,"column":13}},"loc":{"start":{"line":14,"column":0},"end":{"line":79,"column":null}}},"1":{"name":"PoolTogetherV4","decl":{"start":{"line":21,"column":2},"end":{"line":21,"column":null}},"loc":{"start":{"line":24,"column":33},"end":{"line":37,"column":3}}},"2":{"name":"(anonymous_2)","decl":{"start":{"line":39,"column":2},"end":{"line":39,"column":19}},"loc":{"start":{"line":39,"column":35},"end":{"line":43,"column":3}}},"3":{"name":"(anonymous_3)","decl":{"start":{"line":45,"column":2},"end":{"line":45,"column":13}},"loc":{"start":{"line":45,"column":29},"end":{"line":47,"column":3}}},"4":{"name":"(anonymous_4)","decl":{"start":{"line":49,"column":2},"end":{"line":49,"column":8}},"loc":{"start":{"line":49,"column":39},"end":{"line":53,"column":null}}},"5":{"name":"(anonymous_7)","decl":{"start":{"line":50,"column":24},"end":{"line":50,"column":25}},"loc":{"start":{"line":50,"column":40},"end":{"line":52,"column":5}}},"6":{"name":"(anonymous_8)","decl":{"start":{"line":55,"column":2},"end":{"line":55,"column":13}},"loc":{"start":{"line":55,"column":29},"end":{"line":67,"column":3}}},"7":{"name":"(anonymous_9)","decl":{"start":{"line":58,"column":6},"end":{"line":58,"column":7}},"loc":{"start":{"line":58,"column":20},"end":{"line":58,"column":35}}},"8":{"name":"(anonymous_10)","decl":{"start":{"line":69,"column":2},"end":{"line":69,"column":14}},"loc":{"start":{"line":69,"column":36},"end":{"line":74,"column":3}}},"9":{"name":"(anonymous_11)","decl":{"start":{"line":71,"column":27},"end":{"line":71,"column":28}},"loc":{"start":{"line":71,"column":43},"end":{"line":73,"column":5}}},"10":{"name":"(anonymous_12)","decl":{"start":{"line":76,"column":2},"end":{"line":76,"column":8}},"loc":{"start":{"line":76,"column":2},"end":{"line":78,"column":null}}}},"branchMap":{"0":{"loc":{"start":{"line":26,"column":4},"end":{"line":28,"column":null}},"type":"if","locations":[{"start":{"line":26,"column":4},"end":{"line":28,"column":null}}]},"1":{"loc":{"start":{"line":40,"column":11},"end":{"line":42,"column":71}},"type":"cond-expr","locations":[{"start":{"line":41,"column":8},"end":{"line":41,"column":17}},{"start":{"line":42,"column":8},"end":{"line":42,"column":71}}]},"2":{"loc":{"start":{"line":46,"column":11},"end":{"line":46,"column":64}},"type":"cond-expr","locations":[{"start":{"line":46,"column":29},"end":{"line":46,"column":38}},{"start":{"line":46,"column":41},"end":{"line":46,"column":64}}]},"3":{"loc":{"start":{"line":56,"column":4},"end":{"line":56,"column":45}},"type":"if","locations":[{"start":{"line":56,"column":4},"end":{"line":56,"column":45}}]},"4":{"loc":{"start":{"line":60,"column":4},"end":{"line":60,"column":36}},"type":"if","locations":[{"start":{"line":60,"column":4},"end":{"line":60,"column":36}}]},"5":{"loc":{"start":{"line":70,"column":4},"end":{"line":70,"column":70}},"type":"if","locations":[{"start":{"line":70,"column":4},"end":{"line":70,"column":70}}]},"6":{"loc":{"start":{"line":70,"column":8},"end":{"line":70,"column":51}},"type":"binary-expr","locations":[{"start":{"line":70,"column":8},"end":{"line":70,"column":20}},{"start":{"line":70,"column":24},"end":{"line":70,"column":51}}]}},"s":{"0":12,"1":12,"2":12,"3":12,"4":12,"5":9,"6":3,"7":6,"8":6,"9":6,"10":6,"11":6,"12":6,"13":12,"14":0,"15":12,"16":11,"17":12,"18":0,"19":0,"20":12,"21":10,"22":0,"23":10,"24":128,"25":10,"26":0,"27":10,"28":10,"29":12,"30":0,"31":0,"32":0,"33":0,"34":0,"35":12,"36":0,"37":12,"38":12,"39":12},"f":{"0":12,"1":9,"2":0,"3":11,"4":0,"5":0,"6":10,"7":128,"8":0,"9":0,"10":0},"b":{"0":[3],"1":[0,0],"2":[0,11],"3":[0],"4":[0],"5":[0],"6":[0,0]}}
,"/Users/admin/Documents/GitHub/POOLTogether/backend/LIBRARIES/v4-js/src/batchCalculateDrawResults.ts": {"path":"/Users/admin/Documents/GitHub/POOLTogether/backend/LIBRARIES/v4-js/src/batchCalculateDrawResults.ts","statementMap":{"0":{"start":{"line":2,"column":0},"end":{"line":2,"column":62}},"1":{"start":{"line":10,"column":33},"end":{"line":10,"column":35}},"2":{"start":{"line":11,"column":2},"end":{"line":19,"column":5}},"3":{"start":{"line":12,"column":24},"end":{"line":16,"column":null}},"4":{"start":{"line":18,"column":4},"end":{"line":18,"column":30}},"5":{"start":{"line":20,"column":2},"end":{"line":20,"column":17}},"6":{"start":{"line":5,"column":0},"end":{"line":5,"column":16}}},"fnMap":{"0":{"name":"batchCalculateDrawResults","decl":{"start":{"line":5,"column":16},"end":{"line":5,"column":41}},"loc":{"start":{"line":8,"column":12},"end":{"line":21,"column":1}}},"1":{"name":"(anonymous_1)","decl":{"start":{"line":11,"column":16},"end":{"line":11,"column":17}},"loc":{"start":{"line":11,"column":28},"end":{"line":19,"column":3}}}},"branchMap":{},"s":{"0":13,"1":2,"2":2,"3":2,"4":2,"5":2,"6":13},"f":{"0":2,"1":2},"b":{}}
,"/Users/admin/Documents/GitHub/POOLTogether/backend/LIBRARIES/v4-js/src/calculateDrawResults.ts": {"path":"/Users/admin/Documents/GitHub/POOLTogether/backend/LIBRARIES/v4-js/src/calculateDrawResults.ts","statementMap":{"0":{"start":{"line":1,"column":0},"end":{"line":1,"column":31}},"1":{"start":{"line":2,"column":0},"end":{"line":2,"column":48}},"2":{"start":{"line":3,"column":0},"end":{"line":3,"column":86}},"3":{"start":{"line":5,"column":0},"end":{"line":5,"column":58}},"4":{"start":{"line":6,"column":0},"end":{"line":6,"column":70}},"5":{"start":{"line":8,"column":14},"end":{"line":8,"column":47}},"6":{"start":{"line":14,"column":2},"end":{"line":14,"column":null}},"7":{"start":{"line":17,"column":44},"end":{"line":18,"column":null}},"8":{"start":{"line":20,"column":2},"end":{"line":24,"column":null}},"9":{"start":{"line":21,"column":4},"end":{"line":23,"column":6}},"10":{"start":{"line":27,"column":2},"end":{"line":31,"column":4}},"11":{"start":{"line":32,"column":2},"end":{"line":34,"column":4}},"12":{"start":{"line":36,"column":29},"end":{"line":39,"column":null}},"13":{"start":{"line":42,"column":2},"end":{"line":46,"column":4}},"14":{"start":{"line":49,"column":2},"end":{"line":49,"column":77}},"15":{"start":{"line":51,"column":2},"end":{"line":51,"column":17}},"16":{"start":{"line":10,"column":0},"end":{"line":10,"column":16}}},"fnMap":{"0":{"name":"calculateDrawResults","decl":{"start":{"line":10,"column":16},"end":{"line":10,"column":36}},"loc":{"start":{"line":14,"column":23},"end":{"line":52,"column":1}}}},"branchMap":{"0":{"loc":{"start":{"line":14,"column":2},"end":{"line":14,"column":null}},"type":"if","locations":[{"start":{"line":14,"column":2},"end":{"line":14,"column":null}}]},"1":{"loc":{"start":{"line":20,"column":2},"end":{"line":24,"column":null}},"type":"if","locations":[{"start":{"line":20,"column":2},"end":{"line":24,"column":null}}]}},"s":{"0":13,"1":13,"2":13,"3":13,"4":13,"5":13,"6":2,"7":2,"8":2,"9":0,"10":2,"11":2,"12":2,"13":2,"14":2,"15":2,"16":13},"f":{"0":2},"b":{"0":[0],"1":[0]}}
,"/Users/admin/Documents/GitHub/POOLTogether/backend/LIBRARIES/v4-js/src/calculatePicks.ts": {"path":"/Users/admin/Documents/GitHub/POOLTogether/backend/LIBRARIES/v4-js/src/calculatePicks.ts","statementMap":{"0":{"start":{"line":2,"column":0},"end":{"line":2,"column":32}},"1":{"start":{"line":3,"column":14},"end":{"line":3,"column":59}},"2":{"start":{"line":12,"column":2},"end":{"line":12,"column":48}},"3":{"start":{"line":12,"column":31},"end":{"line":12,"column":48}},"4":{"start":{"line":13,"column":8},"end":{"line":13,"column":52}},"5":{"start":{"line":15,"column":4},"end":{"line":15,"column":null}},"6":{"start":{"line":14,"column":8},"end":{"line":16,"column":null}},"7":{"start":{"line":19,"column":4},"end":{"line":19,"column":null}},"8":{"start":{"line":18,"column":8},"end":{"line":20,"column":null}},"9":{"start":{"line":23,"column":2},"end":{"line":29,"column":null}},"10":{"start":{"line":24,"column":4},"end":{"line":26,"column":58}},"11":{"start":{"line":28,"column":4},"end":{"line":28,"column":47}},"12":{"start":{"line":30,"column":2},"end":{"line":30,"column":64}},"13":{"start":{"line":31,"column":2},"end":{"line":31,"column":35}},"14":{"start":{"line":4,"column":0},"end":{"line":4,"column":22}},"15":{"start":{"line":34,"column":0},"end":{"line":34,"column":30}}},"fnMap":{"0":{"name":"calculatePicks","decl":{"start":{"line":4,"column":22},"end":{"line":4,"column":36}},"loc":{"start":{"line":10,"column":24},"end":{"line":32,"column":null}}}},"branchMap":{"0":{"loc":{"start":{"line":12,"column":2},"end":{"line":12,"column":48}},"type":"if","locations":[{"start":{"line":12,"column":2},"end":{"line":12,"column":48}}]},"1":{"loc":{"start":{"line":12,"column":6},"end":{"line":12,"column":29}},"type":"binary-expr","locations":[{"start":{"line":12,"column":6},"end":{"line":12,"column":13}},{"start":{"line":12,"column":17},"end":{"line":12,"column":29}}]},"2":{"loc":{"start":{"line":23,"column":2},"end":{"line":29,"column":null}},"type":"if","locations":[{"start":{"line":23,"column":2},"end":{"line":29,"column":null}},{"start":{"line":27,"column":9},"end":{"line":29,"column":null}}]}},"s":{"0":12,"1":12,"2":2,"3":0,"4":2,"5":2,"6":2,"7":2,"8":2,"9":2,"10":2,"11":0,"12":2,"13":2,"14":12,"15":12},"f":{"0":2},"b":{"0":[0],"1":[2,2],"2":[2,0]}}
,"/Users/admin/Documents/GitHub/POOLTogether/backend/LIBRARIES/v4-js/src/calculatePicksFromAverageTotalSuppliesBetween.ts": {"path":"/Users/admin/Documents/GitHub/POOLTogether/backend/LIBRARIES/v4-js/src/calculatePicksFromAverageTotalSuppliesBetween.ts","statementMap":{"0":{"start":{"line":1,"column":0},"end":{"line":1,"column":53}},"1":{"start":{"line":2,"column":14},"end":{"line":3,"column":null}},"2":{"start":{"line":11,"column":2},"end":{"line":15,"column":21}},"3":{"start":{"line":15,"column":4},"end":{"line":15,"column":21}},"4":{"start":{"line":17,"column":2},"end":{"line":23,"column":null}},"5":{"start":{"line":18,"column":4},"end":{"line":20,"column":66}},"6":{"start":{"line":22,"column":4},"end":{"line":22,"column":40}},"7":{"start":{"line":24,"column":2},"end":{"line":28,"column":4}},"8":{"start":{"line":29,"column":2},"end":{"line":29,"column":46}},"9":{"start":{"line":6,"column":0},"end":{"line":6,"column":16}},"10":{"start":{"line":32,"column":0},"end":{"line":32,"column":61}}},"fnMap":{"0":{"name":"calculatePicksFromAverageTotalSuppliesBetween","decl":{"start":{"line":6,"column":16},"end":{"line":6,"column":61}},"loc":{"start":{"line":9,"column":36},"end":{"line":30,"column":1}}}},"branchMap":{"0":{"loc":{"start":{"line":11,"column":2},"end":{"line":15,"column":21}},"type":"if","locations":[{"start":{"line":11,"column":2},"end":{"line":15,"column":21}}]},"1":{"loc":{"start":{"line":12,"column":4},"end":{"line":13,"column":51}},"type":"binary-expr","locations":[{"start":{"line":12,"column":4},"end":{"line":12,"column":52}},{"start":{"line":13,"column":4},"end":{"line":13,"column":51}}]},"2":{"loc":{"start":{"line":17,"column":2},"end":{"line":23,"column":null}},"type":"if","locations":[{"start":{"line":17,"column":2},"end":{"line":23,"column":null}},{"start":{"line":21,"column":9},"end":{"line":23,"column":null}}]}},"s":{"0":12,"1":12,"2":2,"3":0,"4":2,"5":2,"6":0,"7":2,"8":2,"9":12,"10":12},"f":{"0":2},"b":{"0":[0],"1":[2,2],"2":[2,0]}}
,"/Users/admin/Documents/GitHub/POOLTogether/backend/LIBRARIES/v4-js/src/computeCardinality.ts": {"path":"/Users/admin/Documents/GitHub/POOLTogether/backend/LIBRARIES/v4-js/src/computeCardinality.ts","statementMap":{"0":{"start":{"line":1,"column":0},"end":{"line":1,"column":42}},"1":{"start":{"line":9,"column":25},"end":{"line":9,"column":26}},"2":{"start":{"line":10,"column":16},"end":{"line":10,"column":34}},"3":{"start":{"line":12,"column":2},"end":{"line":17,"column":42}},"4":{"start":{"line":13,"column":4},"end":{"line":16,"column":6}},"5":{"start":{"line":19,"column":2},"end":{"line":19,"column":21}},"6":{"start":{"line":20,"column":2},"end":{"line":20,"column":26}},"7":{"start":{"line":3,"column":0},"end":{"line":3,"column":16}},"8":{"start":{"line":23,"column":0},"end":{"line":23,"column":34}}},"fnMap":{"0":{"name":"computeCardinality","decl":{"start":{"line":3,"column":16},"end":{"line":3,"column":34}},"loc":{"start":{"line":6,"column":29},"end":{"line":21,"column":1}}}},"branchMap":{},"s":{"0":12,"1":2,"2":2,"3":2,"4":10,"5":2,"6":2,"7":12,"8":12},"f":{"0":2},"b":{}}
,"/Users/admin/Documents/GitHub/POOLTogether/backend/LIBRARIES/v4-js/src/computeDrawResults.ts": {"path":"/Users/admin/Documents/GitHub/POOLTogether/backend/LIBRARIES/v4-js/src/computeDrawResults.ts","statementMap":{"0":{"start":{"line":9,"column":0},"end":{"line":9,"column":66}},"1":{"start":{"line":10,"column":0},"end":{"line":10,"column":32}},"2":{"start":{"line":18,"column":31},"end":{"line":22,"column":4}},"3":{"start":{"line":25,"column":2},"end":{"line":42,"column":null}},"4":{"start":{"line":25,"column":15},"end":{"line":25,"column":16}},"5":{"start":{"line":26,"column":17},"end":{"line":26,"column":25}},"6":{"start":{"line":27,"column":45},"end":{"line":30,"column":null}},"7":{"start":{"line":34,"column":4},"end":{"line":41,"column":null}},"8":{"start":{"line":35,"column":26},"end":{"line":37,"column":null}},"9":{"start":{"line":39,"column":6},"end":{"line":39,"column":73}},"10":{"start":{"line":40,"column":6},"end":{"line":40,"column":42}},"11":{"start":{"line":43,"column":2},"end":{"line":43,"column":17}},"12":{"start":{"line":12,"column":0},"end":{"line":12,"column":16}}},"fnMap":{"0":{"name":"computeDrawResults","decl":{"start":{"line":12,"column":16},"end":{"line":12,"column":34}},"loc":{"start":{"line":15,"column":15},"end":{"line":44,"column":1}}}},"branchMap":{"0":{"loc":{"start":{"line":34,"column":4},"end":{"line":41,"column":null}},"type":"if","locations":[{"start":{"line":34,"column":4},"end":{"line":41,"column":null}}]}},"s":{"0":13,"1":13,"2":3,"3":3,"4":3,"5":5,"6":5,"7":5,"8":3,"9":3,"10":3,"11":3,"12":13},"f":{"0":3},"b":{"0":[3]}}
,"/Users/admin/Documents/GitHub/POOLTogether/backend/LIBRARIES/v4-js/src/computePicks.ts": {"path":"/Users/admin/Documents/GitHub/POOLTogether/backend/LIBRARIES/v4-js/src/computePicks.ts","statementMap":{"0":{"start":{"line":3,"column":0},"end":{"line":3,"column":52}},"1":{"start":{"line":9,"column":2},"end":{"line":9,"column":74}},"2":{"start":{"line":9,"column":34},"end":{"line":9,"column":73}},"3":{"start":{"line":5,"column":0},"end":{"line":5,"column":16}}},"fnMap":{"0":{"name":"computePicks","decl":{"start":{"line":5,"column":16},"end":{"line":5,"column":28}},"loc":{"start":{"line":7,"column":26},"end":{"line":10,"column":1}}},"1":{"name":"(anonymous_1)","decl":{"start":{"line":9,"column":25},"end":{"line":9,"column":30}},"loc":{"start":{"line":9,"column":30},"end":{"line":9,"column":45}}}},"branchMap":{},"s":{"0":12,"1":1,"2":3,"3":12},"f":{"0":1,"1":3},"b":{}}
,"/Users/admin/Documents/GitHub/POOLTogether/backend/LIBRARIES/v4-js/src/computePrizeDistribution.ts": {"path":"/Users/admin/Documents/GitHub/POOLTogether/backend/LIBRARIES/v4-js/src/computePrizeDistribution.ts","statementMap":{"0":{"start":{"line":1,"column":0},"end":{"line":1,"column":53}},"1":{"start":{"line":3,"column":0},"end":{"line":3,"column":32}},"2":{"start":{"line":4,"column":0},"end":{"line":4,"column":null}},"3":{"start":{"line":8,"column":0},"end":{"line":8,"column":40}},"4":{"start":{"line":9,"column":0},"end":{"line":9,"column":113}},"5":{"start":{"line":10,"column":0},"end":{"line":10,"column":50}},"6":{"start":{"line":11,"column":0},"end":{"line":11,"column":58}},"7":{"start":{"line":12,"column":14},"end":{"line":12,"column":44}},"8":{"start":{"line":20,"column":2},"end":{"line":20,"column":44}},"9":{"start":{"line":21,"column":8},"end":{"line":21,"column":46}},"10":{"start":{"line":22,"column":2},"end":{"line":23,"column":57}},"11":{"start":{"line":23,"column":4},"end":{"line":23,"column":57}},"12":{"start":{"line":24,"column":2},"end":{"line":30,"column":21}},"13":{"start":{"line":30,"column":4},"end":{"line":30,"column":21}},"14":{"start":{"line":31,"column":8},"end":{"line":31,"column":80}},"15":{"start":{"line":32,"column":8},"end":{"line":32,"column":73}},"16":{"start":{"line":33,"column":8},"end":{"line":35,"column":5}},"17":{"start":{"line":34,"column":4},"end":{"line":34,"column":47}},"18":{"start":{"line":36,"column":2},"end":{"line":41,"column":21}},"19":{"start":{"line":41,"column":4},"end":{"line":41,"column":21}},"20":{"start":{"line":42,"column":2},"end":{"line":45,"column":4}},"21":{"start":{"line":46,"column":8},"end":{"line":46,"column":39}},"22":{"start":{"line":48,"column":2},"end":{"line":52,"column":5}},"23":{"start":{"line":55,"column":10},"end":{"line":55,"column":42}},"24":{"start":{"line":56,"column":2},"end":{"line":56,"column":50}},"25":{"start":{"line":58,"column":20},"end":{"line":58,"column":null}},"26":{"start":{"line":58,"column":8},"end":{"line":58,"column":null}},"27":{"start":{"line":60,"column":4},"end":{"line":64,"column":null}},"28":{"start":{"line":66,"column":2},"end":{"line":66,"column":57}},"29":{"start":{"line":68,"column":19},"end":{"line":68,"column":null}},"30":{"start":{"line":68,"column":8},"end":{"line":68,"column":null}},"31":{"start":{"line":69,"column":2},"end":{"line":69,"column":55}},"32":{"start":{"line":71,"column":10},"end":{"line":71,"column":33}},"33":{"start":{"line":72,"column":8},"end":{"line":72,"column":57}},"34":{"start":{"line":73,"column":8},"end":{"line":73,"column":54}},"35":{"start":{"line":74,"column":2},"end":{"line":74,"column":57}},"36":{"start":{"line":75,"column":2},"end":{"line":75,"column":53}},"37":{"start":{"line":77,"column":2},"end":{"line":77,"column":54}},"38":{"start":{"line":77,"column":37},"end":{"line":77,"column":54}},"39":{"start":{"line":78,"column":45},"end":{"line":82,"column":null}},"40":{"start":{"line":78,"column":8},"end":{"line":82,"column":null}},"41":{"start":{"line":83,"column":2},"end":{"line":83,"column":60}},"42":{"start":{"line":83,"column":43},"end":{"line":83,"column":60}},"43":{"start":{"line":84,"column":2},"end":{"line":87,"column":4}},"44":{"start":{"line":89,"column":8},"end":{"line":89,"column":73}},"45":{"start":{"line":90,"column":8},"end":{"line":90,"column":78}},"46":{"start":{"line":92,"column":8},"end":{"line":92,"column":80}},"47":{"start":{"line":93,"column":8},"end":{"line":95,"column":4}},"48":{"start":{"line":96,"column":2},"end":{"line":96,"column":77}},"49":{"start":{"line":97,"column":2},"end":{"line":100,"column":4}},"50":{"start":{"line":101,"column":2},"end":{"line":103,"column":4}},"51":{"start":{"line":102,"column":4},"end":{"line":102,"column":null}},"52":{"start":{"line":105,"column":8},"end":{"line":109,"column":4}},"53":{"start":{"line":110,"column":2},"end":{"line":110,"column":74}},"54":{"start":{"line":111,"column":2},"end":{"line":116,"column":4}},"55":{"start":{"line":117,"column":2},"end":{"line":120,"column":4}},"56":{"start":{"line":123,"column":8},"end":{"line":123,"column":61}},"57":{"start":{"line":124,"column":2},"end":{"line":130,"column":null}},"58":{"start":{"line":125,"column":4},"end":{"line":129,"column":6}},"59":{"start":{"line":132,"column":2},"end":{"line":132,"column":73}},"60":{"start":{"line":134,"column":8},"end":{"line":144,"column":4}},"61":{"start":{"line":145,"column":2},"end":{"line":145,"column":75}},"62":{"start":{"line":147,"column":2},"end":{"line":147,"column":27}},"63":{"start":{"line":14,"column":0},"end":{"line":14,"column":22}},"64":{"start":{"line":150,"column":0},"end":{"line":150,"column":40}}},"fnMap":{"0":{"name":"computePrizeDistribution","decl":{"start":{"line":14,"column":22},"end":{"line":14,"column":46}},"loc":{"start":{"line":18,"column":44},"end":{"line":148,"column":null}}},"1":{"name":"(anonymous_3)","decl":{"start":{"line":33,"column":58},"end":{"line":33,"column":65}},"loc":{"start":{"line":33,"column":65},"end":{"line":35,"column":3}}},"2":{"name":"(anonymous_4)","decl":{"start":{"line":101,"column":45},"end":{"line":101,"column":48}},"loc":{"start":{"line":101,"column":48},"end":{"line":102,"column":9}}}},"branchMap":{"0":{"loc":{"start":{"line":22,"column":2},"end":{"line":23,"column":57}},"type":"if","locations":[{"start":{"line":22,"column":2},"end":{"line":23,"column":57}}]},"1":{"loc":{"start":{"line":24,"column":2},"end":{"line":30,"column":21}},"type":"if","locations":[{"start":{"line":24,"column":2},"end":{"line":30,"column":21}}]},"2":{"loc":{"start":{"line":25,"column":4},"end":{"line":28,"column":31}},"type":"binary-expr","locations":[{"start":{"line":25,"column":4},"end":{"line":25,"column":9}},{"start":{"line":26,"column":4},"end":{"line":26,"column":21}},{"start":{"line":27,"column":4},"end":{"line":27,"column":25}},{"start":{"line":28,"column":4},"end":{"line":28,"column":31}}]},"3":{"loc":{"start":{"line":36,"column":2},"end":{"line":41,"column":21}},"type":"if","locations":[{"start":{"line":36,"column":2},"end":{"line":41,"column":21}}]},"4":{"loc":{"start":{"line":37,"column":4},"end":{"line":39,"column":33}},"type":"binary-expr","locations":[{"start":{"line":37,"column":4},"end":{"line":37,"column":29}},{"start":{"line":38,"column":4},"end":{"line":38,"column":18}},{"start":{"line":39,"column":4},"end":{"line":39,"column":33}}]},"5":{"loc":{"start":{"line":77,"column":2},"end":{"line":77,"column":54}},"type":"if","locations":[{"start":{"line":77,"column":2},"end":{"line":77,"column":54}}]},"6":{"loc":{"start":{"line":83,"column":2},"end":{"line":83,"column":60}},"type":"if","locations":[{"start":{"line":83,"column":2},"end":{"line":83,"column":60}}]},"7":{"loc":{"start":{"line":124,"column":2},"end":{"line":130,"column":null}},"type":"if","locations":[{"start":{"line":124,"column":2},"end":{"line":130,"column":null}}]}},"s":{"0":12,"1":12,"2":12,"3":12,"4":12,"5":12,"6":12,"7":12,"8":1,"9":1,"10":1,"11":0,"12":1,"13":0,"14":1,"15":1,"16":1,"17":1,"18":1,"19":0,"20":1,"21":1,"22":1,"23":1,"24":1,"25":1,"26":1,"27":1,"28":1,"29":1,"30":1,"31":1,"32":1,"33":1,"34":1,"35":1,"36":1,"37":1,"38":0,"39":1,"40":1,"41":1,"42":0,"43":1,"44":1,"45":1,"46":1,"47":1,"48":1,"49":1,"50":1,"51":2,"52":1,"53":1,"54":1,"55":1,"56":1,"57":1,"58":1,"59":1,"60":1,"61":1,"62":1,"63":12,"64":12},"f":{"0":1,"1":1,"2":2},"b":{"0":[0],"1":[0],"2":[1,1,1,1],"3":[0],"4":[1,1,1],"5":[0],"6":[0],"7":[1]}}
,"/Users/admin/Documents/GitHub/POOLTogether/backend/LIBRARIES/v4-js/src/constants.ts": {"path":"/Users/admin/Documents/GitHub/POOLTogether/backend/LIBRARIES/v4-js/src/constants.ts","statementMap":{"0":{"start":{"line":1,"column":13},"end":{"line":1,"column":37}},"1":{"start":{"line":3,"column":13},"end":{"line":3,"column":36}},"2":{"start":{"line":5,"column":13},"end":{"line":5,"column":35}}},"fnMap":{},"branchMap":{},"s":{"0":14,"1":14,"2":14},"f":{},"b":{}}
,"/Users/admin/Documents/GitHub/POOLTogether/backend/LIBRARIES/v4-js/src/generatePicks.ts": {"path":"/Users/admin/Documents/GitHub/POOLTogether/backend/LIBRARIES/v4-js/src/generatePicks.ts","statementMap":{"0":{"start":{"line":1,"column":0},"end":{"line":1,"column":43}},"1":{"start":{"line":2,"column":0},"end":{"line":2,"column":88}},"2":{"start":{"line":3,"column":0},"end":{"line":3,"column":52}},"3":{"start":{"line":11,"column":22},"end":{"line":13,"column":null}},"4":{"start":{"line":16,"column":29},"end":{"line":18,"column":null}},"5":{"start":{"line":21,"column":22},"end":{"line":21,"column":24}},"6":{"start":{"line":23,"column":2},"end":{"line":25,"column":null}},"7":{"start":{"line":23,"column":23},"end":{"line":23,"column":24}},"8":{"start":{"line":24,"column":4},"end":{"line":24,"column":59}},"9":{"start":{"line":26,"column":2},"end":{"line":26,"column":15}},"10":{"start":{"line":6,"column":0},"end":{"line":6,"column":16}}},"fnMap":{"0":{"name":"generatePicks","decl":{"start":{"line":6,"column":16},"end":{"line":6,"column":29}},"loc":{"start":{"line":9,"column":30},"end":{"line":27,"column":1}}}},"branchMap":{},"s":{"0":13,"1":13,"2":13,"3":3,"4":3,"5":3,"6":3,"7":3,"8":104,"9":3,"10":13},"f":{"0":3},"b":{}}
,"/Users/admin/Documents/GitHub/POOLTogether/backend/LIBRARIES/v4-js/src/index.ts": {"path":"/Users/admin/Documents/GitHub/POOLTogether/backend/LIBRARIES/v4-js/src/index.ts","statementMap":{"0":{"start":{"line":1,"column":0},"end":{"line":1,"column":46}},"1":{"start":{"line":2,"column":0},"end":{"line":2,"column":44}},"2":{"start":{"line":3,"column":0},"end":{"line":3,"column":39}},"3":{"start":{"line":4,"column":0},"end":{"line":4,"column":33}},"4":{"start":{"line":5,"column":0},"end":{"line":5,"column":64}},"5":{"start":{"line":6,"column":0},"end":{"line":6,"column":37}},"6":{"start":{"line":7,"column":0},"end":{"line":7,"column":37}},"7":{"start":{"line":8,"column":0},"end":{"line":8,"column":31}},"8":{"start":{"line":9,"column":0},"end":{"line":9,"column":43}},"9":{"start":{"line":10,"column":0},"end":{"line":10,"column":32}},"10":{"start":{"line":11,"column":0},"end":{"line":11,"column":29}},"11":{"start":{"line":12,"column":0},"end":{"line":12,"column":32}},"12":{"start":{"line":13,"column":0},"end":{"line":13,"column":60}},"13":{"start":{"line":15,"column":0},"end":{"line":15,"column":24}},"14":{"start":{"line":16,"column":0},"end":{"line":16,"column":25}},"15":{"start":{"line":17,"column":0},"end":{"line":17,"column":25}},"16":{"start":{"line":18,"column":0},"end":{"line":18,"column":27}},"17":{"start":{"line":19,"column":0},"end":{"line":19,"column":24}},"18":{"start":{"line":20,"column":0},"end":{"line":20,"column":58}},"19":{"start":{"line":21,"column":0},"end":{"line":21,"column":61}},"20":{"start":{"line":23,"column":0},"end":{"line":23,"column":30}}},"fnMap":{},"branchMap":{},"s":{"0":12,"1":12,"2":12,"3":12,"4":12,"5":12,"6":12,"7":12,"8":12,"9":12,"10":12,"11":12,"12":12,"13":12,"14":12,"15":12,"16":12,"17":12,"18":12,"19":12,"20":12},"f":{},"b":{}}
,"/Users/admin/Documents/GitHub/POOLTogether/backend/LIBRARIES/v4-js/src/initialize.ts": {"path":"/Users/admin/Documents/GitHub/POOLTogether/backend/LIBRARIES/v4-js/src/initialize.ts","statementMap":{"0":{"start":{"line":1,"column":0},"end":{"line":1,"column":46}},"1":{"start":{"line":6,"column":2},"end":{"line":6,"column":53}},"2":{"start":{"line":5,"column":0},"end":{"line":5,"column":16}},"3":{"start":{"line":9,"column":0},"end":{"line":9,"column":26}}},"fnMap":{"0":{"name":"initialize","decl":{"start":{"line":5,"column":16},"end":{"line":5,"column":26}},"loc":{"start":{"line":5,"column":75},"end":{"line":7,"column":1}}}},"branchMap":{},"s":{"0":12,"1":1,"2":12,"3":12},"f":{"0":1},"b":{}}
,"/Users/admin/Documents/GitHub/POOLTogether/backend/LIBRARIES/v4-js/src/prepareClaims.ts": {"path":"/Users/admin/Documents/GitHub/POOLTogether/backend/LIBRARIES/v4-js/src/prepareClaims.ts","statementMap":{"0":{"start":{"line":1,"column":0},"end":{"line":1,"column":53}},"1":{"start":{"line":5,"column":21},"end":{"line":9,"column":4}},"2":{"start":{"line":10,"column":2},"end":{"line":12,"column":null}},"3":{"start":{"line":11,"column":4},"end":{"line":11,"column":17}},"4":{"start":{"line":15,"column":2},"end":{"line":25,"column":5}},"5":{"start":{"line":16,"column":4},"end":{"line":24,"column":null}},"6":{"start":{"line":17,"column":6},"end":{"line":17,"column":44}},"7":{"start":{"line":19,"column":38},"end":{"line":19,"column":40}},"8":{"start":{"line":20,"column":6},"end":{"line":22,"column":null}},"9":{"start":{"line":20,"column":35},"end":{"line":20,"column":45}},"10":{"start":{"line":20,"column":35},"end":{"line":20,"column":52}},"11":{"start":{"line":20,"column":31},"end":{"line":20,"column":35}},"12":{"start":{"line":21,"column":8},"end":{"line":21,"column":47}},"13":{"start":{"line":23,"column":6},"end":{"line":23,"column":36}},"14":{"start":{"line":26,"column":2},"end":{"line":26,"column":15}},"15":{"start":{"line":4,"column":0},"end":{"line":4,"column":16}}},"fnMap":{"0":{"name":"prepareClaims","decl":{"start":{"line":4,"column":16},"end":{"line":4,"column":29}},"loc":{"start":{"line":4,"column":68},"end":{"line":27,"column":1}}},"1":{"name":"(anonymous_1)","decl":{"start":{"line":15,"column":22},"end":{"line":15,"column":32}},"loc":{"start":{"line":15,"column":32},"end":{"line":25,"column":3}}}},"branchMap":{"0":{"loc":{"start":{"line":10,"column":2},"end":{"line":12,"column":null}},"type":"if","locations":[{"start":{"line":10,"column":2},"end":{"line":12,"column":null}}]},"1":{"loc":{"start":{"line":16,"column":4},"end":{"line":24,"column":null}},"type":"if","locations":[{"start":{"line":16,"column":4},"end":{"line":24,"column":null}}]}},"s":{"0":13,"1":1,"2":1,"3":0,"4":1,"5":2,"6":2,"7":2,"8":2,"9":2,"10":2,"11":2,"12":2,"13":2,"14":1,"15":13},"f":{"0":1,"1":2},"b":{"0":[0],"1":[2]}}
,"/Users/admin/Documents/GitHub/POOLTogether/backend/LIBRARIES/v4-js/src/config/bridging.ts": {"path":"/Users/admin/Documents/GitHub/POOLTogether/backend/LIBRARIES/v4-js/src/config/bridging.ts","statementMap":{"0":{"start":{"line":1,"column":0},"end":{"line":1,"column":null}},"1":{"start":{"line":10,"column":13},"end":{"line":35,"column":2}},"2":{"start":{"line":37,"column":13},"end":{"line":62,"column":2}},"3":{"start":{"line":64,"column":16},"end":{"line":67,"column":2}},"4":{"start":{"line":69,"column":0},"end":{"line":69,"column":23}}},"fnMap":{},"branchMap":{},"s":{"0":12,"1":12,"2":12,"3":12,"4":12},"f":{},"b":{}}
,"/Users/admin/Documents/GitHub/POOLTogether/backend/LIBRARIES/v4-js/src/config/chains.ts": {"path":"/Users/admin/Documents/GitHub/POOLTogether/backend/LIBRARIES/v4-js/src/config/chains.ts","statementMap":{"0":{"start":{"line":1,"column":0},"end":{"line":1,"column":null}},"1":{"start":{"line":7,"column":13},"end":{"line":19,"column":2}},"2":{"start":{"line":21,"column":13},"end":{"line":33,"column":2}},"3":{"start":{"line":35,"column":13},"end":{"line":47,"column":2}},"4":{"start":{"line":49,"column":13},"end":{"line":61,"column":2}},"5":{"start":{"line":63,"column":13},"end":{"line":75,"column":2}},"6":{"start":{"line":77,"column":13},"end":{"line":89,"column":2}},"7":{"start":{"line":91,"column":13},"end":{"line":103,"column":2}},"8":{"start":{"line":105,"column":18},"end":{"line":113,"column":2}},"9":{"start":{"line":115,"column":0},"end":{"line":115,"column":25}}},"fnMap":{},"branchMap":{},"s":{"0":12,"1":12,"2":12,"3":12,"4":12,"5":12,"6":12,"7":12,"8":12,"9":12},"f":{},"b":{}}
,"/Users/admin/Documents/GitHub/POOLTogether/backend/LIBRARIES/v4-js/src/config/index.ts": {"path":"/Users/admin/Documents/GitHub/POOLTogether/backend/LIBRARIES/v4-js/src/config/index.ts","statementMap":{"0":{"start":{"line":1,"column":0},"end":{"line":1,"column":39}},"1":{"start":{"line":2,"column":0},"end":{"line":2,"column":35}},"2":{"start":{"line":3,"column":0},"end":{"line":3,"column":39}},"3":{"start":{"line":4,"column":0},"end":{"line":4,"column":41}},"4":{"start":{"line":5,"column":15},"end":{"line":10,"column":2}},"5":{"start":{"line":15,"column":9},"end":{"line":15,"column":15}},"6":{"start":{"line":11,"column":0},"end":{"line":11,"column":27}},"7":{"start":{"line":12,"column":0},"end":{"line":12,"column":25}},"8":{"start":{"line":13,"column":0},"end":{"line":13,"column":27}},"9":{"start":{"line":14,"column":0},"end":{"line":14,"column":28}},"10":{"start":{"line":16,"column":0},"end":{"line":16,"column":22}}},"fnMap":{},"branchMap":{},"s":{"0":12,"1":12,"2":12,"3":12,"4":12,"5":12,"6":12,"7":12,"8":12,"9":12,"10":12},"f":{},"b":{}}
,"/Users/admin/Documents/GitHub/POOLTogether/backend/LIBRARIES/v4-js/src/config/networks.ts": {"path":"/Users/admin/Documents/GitHub/POOLTogether/backend/LIBRARIES/v4-js/src/config/networks.ts","statementMap":{"0":{"start":{"line":1,"column":13},"end":{"line":1,"column":60}},"1":{"start":{"line":3,"column":13},"end":{"line":6,"column":2}},"2":{"start":{"line":8,"column":13},"end":{"line":10,"column":46}},"3":{"start":{"line":12,"column":13},"end":{"line":14,"column":46}},"4":{"start":{"line":16,"column":13},"end":{"line":17,"column":77}},"5":{"start":{"line":19,"column":13},"end":{"line":20,"column":79}},"6":{"start":{"line":22,"column":13},"end":{"line":24,"column":54}},"7":{"start":{"line":26,"column":13},"end":{"line":27,"column":80}},"8":{"start":{"line":29,"column":13},"end":{"line":31,"column":38}},"9":{"start":{"line":33,"column":13},"end":{"line":34,"column":61}}},"fnMap":{},"branchMap":{"0":{"loc":{"start":{"line":4,"column":2},"end":{"line":4,"column":37}},"type":"cond-expr","locations":[{"start":{"line":4,"column":30},"end":{"line":4,"column":34}},{"start":{"line":4,"column":34},"end":{"line":4,"column":37}}]},"1":{"loc":{"start":{"line":4,"column":2},"end":{"line":4,"column":34}},"type":"binary-expr","locations":[{"start":{"line":4,"column":2},"end":{"line":4,"column":34}},{"start":{"line":4,"column":30},"end":{"line":4,"column":34}}]},"2":{"loc":{"start":{"line":9,"column":2},"end":{"line":10,"column":45}},"type":"binary-expr","locations":[{"start":{"line":9,"column":2},"end":{"line":9,"column":33}},{"start":{"line":10,"column":2},"end":{"line":10,"column":45}}]},"3":{"loc":{"start":{"line":13,"column":2},"end":{"line":14,"column":45}},"type":"binary-expr","locations":[{"start":{"line":13,"column":2},"end":{"line":13,"column":33}},{"start":{"line":14,"column":2},"end":{"line":14,"column":45}}]},"4":{"loc":{"start":{"line":17,"column":2},"end":{"line":17,"column":76}},"type":"binary-expr","locations":[{"start":{"line":17,"column":2},"end":{"line":17,"column":31}},{"start":{"line":17,"column":35},"end":{"line":17,"column":76}}]},"5":{"loc":{"start":{"line":20,"column":2},"end":{"line":20,"column":78}},"type":"binary-expr","locations":[{"start":{"line":20,"column":2},"end":{"line":20,"column":32}},{"start":{"line":20,"column":36},"end":{"line":20,"column":78}}]},"6":{"loc":{"start":{"line":23,"column":2},"end":{"line":24,"column":53}},"type":"binary-expr","locations":[{"start":{"line":23,"column":2},"end":{"line":23,"column":41}},{"start":{"line":24,"column":2},"end":{"line":24,"column":53}}]},"7":{"loc":{"start":{"line":27,"column":2},"end":{"line":27,"column":79}},"type":"binary-expr","locations":[{"start":{"line":27,"column":2},"end":{"line":27,"column":40}},{"start":{"line":27,"column":44},"end":{"line":27,"column":79}}]},"8":{"loc":{"start":{"line":30,"column":2},"end":{"line":31,"column":37}},"type":"binary-expr","locations":[{"start":{"line":30,"column":2},"end":{"line":30,"column":41}},{"start":{"line":31,"column":2},"end":{"line":31,"column":37}}]},"9":{"loc":{"start":{"line":34,"column":2},"end":{"line":34,"column":60}},"type":"binary-expr","locations":[{"start":{"line":34,"column":2},"end":{"line":34,"column":33}},{"start":{"line":34,"column":37},"end":{"line":34,"column":60}}]}},"s":{"0":13,"1":13,"2":13,"3":13,"4":13,"5":13,"6":13,"7":13,"8":13,"9":13},"f":{},"b":{"0":[0,13],"1":[13,13],"2":[13,13],"3":[13,13],"4":[13,13],"5":[13,13],"6":[13,13],"7":[13,13],"8":[13,13],"9":[13,13]}}
,"/Users/admin/Documents/GitHub/POOLTogether/backend/LIBRARIES/v4-js/src/config/providers.ts": {"path":"/Users/admin/Documents/GitHub/POOLTogether/backend/LIBRARIES/v4-js/src/config/providers.ts","statementMap":{"0":{"start":{"line":1,"column":0},"end":{"line":1,"column":73}},"1":{"start":{"line":3,"column":13},"end":{"line":6,"column":2}},"2":{"start":{"line":8,"column":13},"end":{"line":11,"column":2}},"3":{"start":{"line":13,"column":13},"end":{"line":15,"column":null}},"4":{"start":{"line":18,"column":0},"end":{"line":22,"column":2}}},"fnMap":{},"branchMap":{},"s":{"0":12,"1":12,"2":12,"3":12,"4":12},"f":{},"b":{}}
,"/Users/admin/Documents/GitHub/POOLTogether/backend/LIBRARIES/v4-js/src/fetching/getMultiTicketAverageTotalSuppliesBetween.ts": {"path":"/Users/admin/Documents/GitHub/POOLTogether/backend/LIBRARIES/v4-js/src/fetching/getMultiTicketAverageTotalSuppliesBetween.ts","statementMap":{"0":{"start":{"line":9,"column":2},"end":{"line":9,"column":59}},"1":{"start":{"line":9,"column":42},"end":{"line":9,"column":59}},"2":{"start":{"line":10,"column":9},"end":{"line":17,"column":4}},"3":{"start":{"line":11,"column":30},"end":{"line":16,"column":6}},"4":{"start":{"line":12,"column":6},"end":{"line":12,"column":38}},"5":{"start":{"line":12,"column":21},"end":{"line":12,"column":38}},"6":{"start":{"line":14,"column":8},"end":{"line":14,"column":null}},"7":{"start":{"line":13,"column":6},"end":{"line":15,"column":11}},"8":{"start":{"line":10,"column":2},"end":{"line":17,"column":4}},"9":{"start":{"line":4,"column":0},"end":{"line":4,"column":22}},"10":{"start":{"line":20,"column":0},"end":{"line":20,"column":57}}},"fnMap":{"0":{"name":"getMultiTicketAverageTotalSuppliesBetween","decl":{"start":{"line":4,"column":22},"end":{"line":4,"column":63}},"loc":{"start":{"line":7,"column":24},"end":{"line":18,"column":null}}},"1":{"name":"(anonymous_3)","decl":{"start":{"line":11,"column":16},"end":{"line":11,"column":22}},"loc":{"start":{"line":11,"column":30},"end":{"line":16,"column":6}}},"2":{"name":"(anonymous_4)","decl":{"start":{"line":11,"column":30},"end":{"line":11,"column":null}},"loc":{"start":{"line":11,"column":30},"end":{"line":16,"column":6}}}},"branchMap":{"0":{"loc":{"start":{"line":10,"column":2},"end":{"line":17,"column":4}},"type":"switch","locations":[{"start":{"line":10,"column":2},"end":{"line":17,"column":4}}]},"1":{"loc":{"start":{"line":9,"column":2},"end":{"line":9,"column":59}},"type":"if","locations":[{"start":{"line":9,"column":2},"end":{"line":9,"column":59}}]},"2":{"loc":{"start":{"line":9,"column":6},"end":{"line":9,"column":40}},"type":"binary-expr","locations":[{"start":{"line":9,"column":6},"end":{"line":9,"column":14}},{"start":{"line":9,"column":18},"end":{"line":9,"column":28}},{"start":{"line":9,"column":32},"end":{"line":9,"column":40}}]},"3":{"loc":{"start":{"line":13,"column":6},"end":{"line":15,"column":11}},"type":"switch","locations":[{"start":{"line":13,"column":6},"end":{"line":15,"column":11}}]},"4":{"loc":{"start":{"line":12,"column":6},"end":{"line":12,"column":38}},"type":"if","locations":[{"start":{"line":12,"column":6},"end":{"line":12,"column":38}}]}},"s":{"0":1,"1":0,"2":1,"3":2,"4":2,"5":0,"6":2,"7":2,"8":1,"9":12,"10":12},"f":{"0":1,"1":2,"2":2},"b":{"0":[1],"1":[0],"2":[1,1,1],"3":[2],"4":[0]}}
,"/Users/admin/Documents/GitHub/POOLTogether/backend/LIBRARIES/v4-js/src/fetching/index.ts": {"path":"/Users/admin/Documents/GitHub/POOLTogether/backend/LIBRARIES/v4-js/src/fetching/index.ts","statementMap":{"0":{"start":{"line":1,"column":0},"end":{"line":1,"column":60}}},"fnMap":{},"branchMap":{},"s":{"0":12},"f":{},"b":{}}
,"/Users/admin/Documents/GitHub/POOLTogether/backend/LIBRARIES/v4-js/src/helpers/calculateFractionOfPrize.ts": {"path":"/Users/admin/Documents/GitHub/POOLTogether/backend/LIBRARIES/v4-js/src/helpers/calculateFractionOfPrize.ts","statementMap":{"0":{"start":{"line":1,"column":0},"end":{"line":1,"column":50}},"1":{"start":{"line":2,"column":0},"end":{"line":2,"column":42}},"2":{"start":{"line":4,"column":0},"end":{"line":4,"column":84}},"3":{"start":{"line":6,"column":14},"end":{"line":6,"column":47}},"4":{"start":{"line":12,"column":25},"end":{"line":14,"column":null}},"5":{"start":{"line":17,"column":2},"end":{"line":17,"column":53}},"6":{"start":{"line":19,"column":35},"end":{"line":19,"column":77}},"7":{"start":{"line":20,"column":2},"end":{"line":23,"column":4}},"8":{"start":{"line":25,"column":46},"end":{"line":27,"column":null}},"9":{"start":{"line":30,"column":26},"end":{"line":31,"column":null}},"10":{"start":{"line":33,"column":2},"end":{"line":33,"column":65}},"11":{"start":{"line":34,"column":2},"end":{"line":34,"column":25}},"12":{"start":{"line":8,"column":0},"end":{"line":8,"column":16}}},"fnMap":{"0":{"name":"calculateFractionOfPrize","decl":{"start":{"line":8,"column":16},"end":{"line":8,"column":40}},"loc":{"start":{"line":10,"column":33},"end":{"line":35,"column":1}}}},"branchMap":{},"s":{"0":13,"1":13,"2":13,"3":13,"4":3,"5":3,"6":3,"7":3,"8":3,"9":3,"10":3,"11":3,"12":13},"f":{"0":3},"b":{}}
,"/Users/admin/Documents/GitHub/POOLTogether/backend/LIBRARIES/v4-js/src/helpers/calculateNumberOfPicksForUser.ts": {"path":"/Users/admin/Documents/GitHub/POOLTogether/backend/LIBRARIES/v4-js/src/helpers/calculateNumberOfPicksForUser.ts","statementMap":{"0":{"start":{"line":1,"column":0},"end":{"line":1,"column":46}},"1":{"start":{"line":8,"column":31},"end":{"line":8,"column":57}},"2":{"start":{"line":9,"column":2},"end":{"line":12,"column":16}},"3":{"start":{"line":4,"column":0},"end":{"line":4,"column":16}}},"fnMap":{"0":{"name":"calculateNumberOfPicksForUser","decl":{"start":{"line":4,"column":16},"end":{"line":4,"column":45}},"loc":{"start":{"line":6,"column":30},"end":{"line":13,"column":1}}}},"branchMap":{},"s":{"0":13,"1":3,"2":3,"3":13},"f":{"0":3},"b":{}}
,"/Users/admin/Documents/GitHub/POOLTogether/backend/LIBRARIES/v4-js/src/helpers/calculateNumberOfPrizesForIndex.ts": {"path":"/Users/admin/Documents/GitHub/POOLTogether/backend/LIBRARIES/v4-js/src/helpers/calculateNumberOfPrizesForIndex.ts","statementMap":{"0":{"start":{"line":5,"column":24},"end":{"line":5,"column":42}},"1":{"start":{"line":6,"column":31},"end":{"line":6,"column":73}},"2":{"start":{"line":8,"column":2},"end":{"line":11,"column":null}},"3":{"start":{"line":9,"column":4},"end":{"line":9,"column":78}},"4":{"start":{"line":10,"column":4},"end":{"line":10,"column":29}},"5":{"start":{"line":13,"column":2},"end":{"line":13,"column":32}},"6":{"start":{"line":1,"column":0},"end":{"line":1,"column":16}}},"fnMap":{"0":{"name":"calculateNumberOfPrizesForIndex","decl":{"start":{"line":1,"column":16},"end":{"line":1,"column":47}},"loc":{"start":{"line":3,"column":32},"end":{"line":14,"column":1}}}},"branchMap":{},"s":{"0":3,"1":3,"2":3,"3":11,"4":11,"5":3,"6":13},"f":{"0":3},"b":{}}
,"/Users/admin/Documents/GitHub/POOLTogether/backend/LIBRARIES/v4-js/src/helpers/calculatePickPrize.ts": {"path":"/Users/admin/Documents/GitHub/POOLTogether/backend/LIBRARIES/v4-js/src/helpers/calculatePickPrize.ts","statementMap":{"0":{"start":{"line":1,"column":0},"end":{"line":1,"column":42}},"1":{"start":{"line":3,"column":0},"end":{"line":3,"column":62}},"2":{"start":{"line":4,"column":0},"end":{"line":4,"column":64}},"3":{"start":{"line":6,"column":14},"end":{"line":6,"column":47}},"4":{"start":{"line":14,"column":24},"end":{"line":14,"column":25}},"5":{"start":{"line":15,"column":17},"end":{"line":15,"column":53}},"6":{"start":{"line":17,"column":2},"end":{"line":37,"column":null}},"7":{"start":{"line":18,"column":21},"end":{"line":18,"column":22}},"8":{"start":{"line":22,"column":4},"end":{"line":22,"column":67}},"9":{"start":{"line":23,"column":4},"end":{"line":23,"column":57}},"10":{"start":{"line":25,"column":4},"end":{"line":35,"column":null}},"11":{"start":{"line":34,"column":6},"end":{"line":34,"column":12}},"12":{"start":{"line":36,"column":4},"end":{"line":36,"column":22}},"13":{"start":{"line":38,"column":2},"end":{"line":38,"column":66}},"14":{"start":{"line":40,"column":21},"end":{"line":40,"column":77}},"15":{"start":{"line":42,"column":2},"end":{"line":45,"column":null}},"16":{"start":{"line":43,"column":4},"end":{"line":43,"column":80}},"17":{"start":{"line":44,"column":4},"end":{"line":44,"column":22}},"18":{"start":{"line":47,"column":2},"end":{"line":47,"column":19}},"19":{"start":{"line":9,"column":0},"end":{"line":9,"column":16}}},"fnMap":{"0":{"name":"calculatePickPrize","decl":{"start":{"line":9,"column":16},"end":{"line":9,"column":34}},"loc":{"start":{"line":12,"column":38},"end":{"line":48,"column":1}}}},"branchMap":{"0":{"loc":{"start":{"line":25,"column":4},"end":{"line":35,"column":null}},"type":"if","locations":[{"start":{"line":25,"column":4},"end":{"line":35,"column":null}}]},"1":{"loc":{"start":{"line":42,"column":2},"end":{"line":45,"column":null}},"type":"if","locations":[{"start":{"line":42,"column":2},"end":{"line":45,"column":null}}]}},"s":{"0":13,"1":13,"2":13,"3":13,"4":5,"5":5,"6":5,"7":5,"8":10,"9":10,"10":10,"11":4,"12":6,"13":5,"14":5,"15":5,"16":3,"17":3,"18":2,"19":13},"f":{"0":5},"b":{"0":[4],"1":[3]}}
,"/Users/admin/Documents/GitHub/POOLTogether/backend/LIBRARIES/v4-js/src/helpers/calculatePrizeAmount.ts": {"path":"/Users/admin/Documents/GitHub/POOLTogether/backend/LIBRARIES/v4-js/src/helpers/calculatePrizeAmount.ts","statementMap":{"0":{"start":{"line":2,"column":0},"end":{"line":2,"column":90}},"1":{"start":{"line":4,"column":14},"end":{"line":4,"column":47}},"2":{"start":{"line":13,"column":28},"end":{"line":13,"column":72}},"3":{"start":{"line":14,"column":2},"end":{"line":16,"column":4}},"4":{"start":{"line":18,"column":2},"end":{"line":28,"column":null}},"5":{"start":{"line":20,"column":32},"end":{"line":22,"column":null}},"6":{"start":{"line":24,"column":4},"end":{"line":27,"column":6}},"7":{"start":{"line":30,"column":2},"end":{"line":30,"column":19}},"8":{"start":{"line":7,"column":0},"end":{"line":7,"column":16}}},"fnMap":{"0":{"name":"calculatePrizeAmount","decl":{"start":{"line":7,"column":16},"end":{"line":7,"column":36}},"loc":{"start":{"line":9,"column":17},"end":{"line":31,"column":1}}}},"branchMap":{"0":{"loc":{"start":{"line":18,"column":2},"end":{"line":28,"column":null}},"type":"if","locations":[{"start":{"line":18,"column":2},"end":{"line":28,"column":null}}]}},"s":{"0":13,"1":13,"2":5,"3":5,"4":5,"5":3,"6":3,"7":2,"8":13},"f":{"0":5},"b":{"0":[3]}}
,"/Users/admin/Documents/GitHub/POOLTogether/backend/LIBRARIES/v4-js/src/helpers/calculatePrizeForDistributionIndex.ts": {"path":"/Users/admin/Documents/GitHub/POOLTogether/backend/LIBRARIES/v4-js/src/helpers/calculatePrizeForDistributionIndex.ts","statementMap":{"0":{"start":{"line":1,"column":0},"end":{"line":1,"column":43}},"1":{"start":{"line":3,"column":0},"end":{"line":3,"column":70}},"2":{"start":{"line":10,"column":26},"end":{"line":12,"column":null}},"3":{"start":{"line":14,"column":39},"end":{"line":15,"column":null}},"4":{"start":{"line":17,"column":2},"end":{"line":17,"column":78}},"5":{"start":{"line":21,"column":2},"end":{"line":21,"column":29}},"6":{"start":{"line":5,"column":0},"end":{"line":5,"column":16}}},"fnMap":{"0":{"name":"calculatePrizeForDistributionIndex","decl":{"start":{"line":5,"column":16},"end":{"line":5,"column":50}},"loc":{"start":{"line":7,"column":37},"end":{"line":22,"column":1}}}},"branchMap":{},"s":{"0":13,"1":13,"2":3,"3":3,"4":3,"5":3,"6":13},"f":{"0":3},"b":{}}
,"/Users/admin/Documents/GitHub/POOLTogether/backend/LIBRARIES/v4-js/src/helpers/computePick.ts": {"path":"/Users/admin/Documents/GitHub/POOLTogether/backend/LIBRARIES/v4-js/src/helpers/computePick.ts","statementMap":{"0":{"start":{"line":2,"column":0},"end":{"line":2,"column":43}},"1":{"start":{"line":4,"column":14},"end":{"line":4,"column":47}},"2":{"start":{"line":7,"column":2},"end":{"line":7,"column":63}},"3":{"start":{"line":8,"column":26},"end":{"line":10,"column":null}},"4":{"start":{"line":12,"column":27},"end":{"line":14,"column":null}},"5":{"start":{"line":17,"column":2},"end":{"line":21,"column":4}},"6":{"start":{"line":22,"column":2},"end":{"line":25,"column":4}},"7":{"start":{"line":6,"column":0},"end":{"line":6,"column":16}}},"fnMap":{"0":{"name":"computePick","decl":{"start":{"line":6,"column":16},"end":{"line":6,"column":27}},"loc":{"start":{"line":6,"column":57},"end":{"line":26,"column":1}}}},"branchMap":{},"s":{"0":13,"1":13,"2":107,"3":107,"4":107,"5":107,"6":107,"7":13},"f":{"0":107},"b":{}}
,"/Users/admin/Documents/GitHub/POOLTogether/backend/LIBRARIES/v4-js/src/helpers/filterResultsByValue.ts": {"path":"/Users/admin/Documents/GitHub/POOLTogether/backend/LIBRARIES/v4-js/src/helpers/filterResultsByValue.ts","statementMap":{"0":{"start":{"line":2,"column":0},"end":{"line":2,"column":35}},"1":{"start":{"line":5,"column":14},"end":{"line":5,"column":47}},"2":{"start":{"line":12,"column":2},"end":{"line":39,"column":null}},"3":{"start":{"line":13,"column":4},"end":{"line":15,"column":6}},"4":{"start":{"line":17,"column":53},"end":{"line":23,"column":null}},"5":{"start":{"line":19,"column":28},"end":{"line":19,"column":50}},"6":{"start":{"line":20,"column":8},"end":{"line":20,"column":43}},"7":{"start":{"line":20,"column":34},"end":{"line":20,"column":43}},"8":{"start":{"line":21,"column":8},"end":{"line":21,"column":48}},"9":{"start":{"line":21,"column":38},"end":{"line":21,"column":48}},"10":{"start":{"line":22,"column":8},"end":{"line":22,"column":17}},"11":{"start":{"line":26,"column":41},"end":{"line":28,"column":64}},"12":{"start":{"line":28,"column":32},"end":{"line":28,"column":64}},"13":{"start":{"line":30,"column":37},"end":{"line":32,"column":null}},"14":{"start":{"line":31,"column":37},"end":{"line":31,"column":null}},"15":{"start":{"line":34,"column":4},"end":{"line":37,"column":null}},"16":{"start":{"line":42,"column":2},"end":{"line":42,"column":21}},"17":{"start":{"line":7,"column":0},"end":{"line":7,"column":16}}},"fnMap":{"0":{"name":"filterResultsByValue","decl":{"start":{"line":7,"column":16},"end":{"line":7,"column":36}},"loc":{"start":{"line":9,"column":25},"end":{"line":43,"column":1}}},"1":{"name":"(anonymous_1)","decl":{"start":{"line":18,"column":6},"end":{"line":18,"column":15}},"loc":{"start":{"line":18,"column":51},"end":{"line":23,"column":7}}},"2":{"name":"(anonymous_2)","decl":{"start":{"line":28,"column":14},"end":{"line":28,"column":28}},"loc":{"start":{"line":28,"column":28},"end":{"line":28,"column":33}}},"3":{"name":"(anonymous_3)","decl":{"start":{"line":31,"column":6},"end":{"line":31,"column":7}},"loc":{"start":{"line":31,"column":32},"end":{"line":31,"column":48}}}},"branchMap":{"0":{"loc":{"start":{"line":12,"column":2},"end":{"line":39,"column":null}},"type":"if","locations":[{"start":{"line":12,"column":2},"end":{"line":39,"column":null}}]},"1":{"loc":{"start":{"line":20,"column":8},"end":{"line":20,"column":43}},"type":"if","locations":[{"start":{"line":20,"column":8},"end":{"line":20,"column":43}}]},"2":{"loc":{"start":{"line":21,"column":8},"end":{"line":21,"column":48}},"type":"if","locations":[{"start":{"line":21,"column":8},"end":{"line":21,"column":48}}]}},"s":{"0":14,"1":14,"2":3,"3":1,"4":1,"5":2,"6":2,"7":0,"8":2,"9":0,"10":2,"11":1,"12":2,"13":1,"14":3,"15":1,"16":2,"17":14},"f":{"0":3,"1":2,"2":2,"3":3},"b":{"0":[1],"1":[0],"2":[0]}}
,"/Users/admin/Documents/GitHub/POOLTogether/backend/LIBRARIES/v4-js/src/helpers/findBitMatchesAtIndex.ts": {"path":"/Users/admin/Documents/GitHub/POOLTogether/backend/LIBRARIES/v4-js/src/helpers/findBitMatchesAtIndex.ts","statementMap":{"0":{"start":{"line":2,"column":14},"end":{"line":2,"column":47}},"1":{"start":{"line":11,"column":30},"end":{"line":11,"column":55}},"2":{"start":{"line":12,"column":2},"end":{"line":12,"column":38}},"3":{"start":{"line":14,"column":37},"end":{"line":14,"column":56}},"4":{"start":{"line":15,"column":37},"end":{"line":15,"column":56}},"5":{"start":{"line":16,"column":2},"end":{"line":16,"column":28}},"6":{"start":{"line":17,"column":2},"end":{"line":17,"column":28}},"7":{"start":{"line":19,"column":25},"end":{"line":19,"column":54}},"8":{"start":{"line":21,"column":23},"end":{"line":21,"column":79}},"9":{"start":{"line":22,"column":2},"end":{"line":22,"column":27}},"10":{"start":{"line":23,"column":16},"end":{"line":23,"column":68}},"11":{"start":{"line":24,"column":2},"end":{"line":24,"column":39}},"12":{"start":{"line":25,"column":16},"end":{"line":25,"column":68}},"13":{"start":{"line":26,"column":2},"end":{"line":26,"column":39}},"14":{"start":{"line":27,"column":16},"end":{"line":27,"column":31}},"15":{"start":{"line":28,"column":2},"end":{"line":30,"column":4}},"16":{"start":{"line":31,"column":2},"end":{"line":31,"column":15}},"17":{"start":{"line":5,"column":0},"end":{"line":5,"column":16}}},"fnMap":{"0":{"name":"findBitMatchesAtIndex","decl":{"start":{"line":5,"column":16},"end":{"line":5,"column":37}},"loc":{"start":{"line":9,"column":22},"end":{"line":32,"column":1}}}},"branchMap":{},"s":{"0":14,"1":15,"2":15,"3":15,"4":15,"5":15,"6":15,"7":15,"8":15,"9":15,"10":15,"11":15,"12":15,"13":15,"14":15,"15":15,"16":15,"17":14},"f":{"0":15},"b":{}}
,"/Users/admin/Documents/GitHub/POOLTogether/backend/LIBRARIES/v4-js/src/helpers/sanityCheckPrizeDistribution.ts": {"path":"/Users/admin/Documents/GitHub/POOLTogether/backend/LIBRARIES/v4-js/src/helpers/sanityCheckPrizeDistribution.ts","statementMap":{"0":{"start":{"line":1,"column":0},"end":{"line":1,"column":43}},"1":{"start":{"line":8,"column":2},"end":{"line":21,"column":null}},"2":{"start":{"line":12,"column":4},"end":{"line":12,"column":45}},"3":{"start":{"line":14,"column":14},"end":{"line":14,"column":31}},"4":{"start":{"line":15,"column":4},"end":{"line":17,"column":null}},"5":{"start":{"line":15,"column":17},"end":{"line":15,"column":18}},"6":{"start":{"line":16,"column":6},"end":{"line":16,"column":48}},"7":{"start":{"line":18,"column":4},"end":{"line":20,"column":null}},"8":{"start":{"line":19,"column":6},"end":{"line":19,"column":38}},"9":{"start":{"line":22,"column":2},"end":{"line":22,"column":12}},"10":{"start":{"line":5,"column":0},"end":{"line":5,"column":16}}},"fnMap":{"0":{"name":"sanityCheckPrizeDistribution","decl":{"start":{"line":5,"column":16},"end":{"line":5,"column":44}},"loc":{"start":{"line":6,"column":38},"end":{"line":23,"column":1}}}},"branchMap":{"0":{"loc":{"start":{"line":8,"column":2},"end":{"line":21,"column":null}},"type":"if","locations":[{"start":{"line":8,"column":2},"end":{"line":21,"column":null}},{"start":{"line":13,"column":9},"end":{"line":21,"column":null}}]},"1":{"loc":{"start":{"line":18,"column":4},"end":{"line":20,"column":null}},"type":"if","locations":[{"start":{"line":18,"column":4},"end":{"line":20,"column":null}}]}},"s":{"0":13,"1":2,"2":0,"3":2,"4":2,"5":2,"6":7,"7":2,"8":0,"9":2,"10":13},"f":{"0":2},"b":{"0":[0,2],"1":[0]}}
,"/Users/admin/Documents/GitHub/POOLTogether/backend/LIBRARIES/v4-js/src/utils/createContract.ts": {"path":"/Users/admin/Documents/GitHub/POOLTogether/backend/LIBRARIES/v4-js/src/utils/createContract.ts","statementMap":{"0":{"start":{"line":2,"column":0},"end":{"line":2,"column":52}},"1":{"start":{"line":9,"column":30},"end":{"line":16,"column":1}},"2":{"start":{"line":14,"column":2},"end":{"line":14,"column":55}},"3":{"start":{"line":14,"column":38},"end":{"line":14,"column":55}},"4":{"start":{"line":15,"column":2},"end":{"line":15,"column":60}},"5":{"start":{"line":9,"column":13},"end":{"line":9,"column":30}},"6":{"start":{"line":18,"column":0},"end":{"line":18,"column":30}}},"fnMap":{"0":{"name":"(anonymous_0)","decl":{"start":{"line":9,"column":30},"end":{"line":9,"column":null}},"loc":{"start":{"line":12,"column":54},"end":{"line":16,"column":1}}}},"branchMap":{"0":{"loc":{"start":{"line":14,"column":2},"end":{"line":14,"column":55}},"type":"if","locations":[{"start":{"line":14,"column":2},"end":{"line":14,"column":55}}]},"1":{"loc":{"start":{"line":14,"column":6},"end":{"line":14,"column":36}},"type":"binary-expr","locations":[{"start":{"line":14,"column":6},"end":{"line":14,"column":14}},{"start":{"line":14,"column":18},"end":{"line":14,"column":36}}]}},"s":{"0":13,"1":13,"2":10,"3":0,"4":10,"5":13,"6":13},"f":{"0":10},"b":{"0":[0],"1":[10,10]}}
,"/Users/admin/Documents/GitHub/POOLTogether/backend/LIBRARIES/v4-js/src/utils/createInterface.ts": {"path":"/Users/admin/Documents/GitHub/POOLTogether/backend/LIBRARIES/v4-js/src/utils/createInterface.ts","statementMap":{"0":{"start":{"line":1,"column":0},"end":{"line":1,"column":47}},"1":{"start":{"line":4,"column":2},"end":{"line":4,"column":28}},"2":{"start":{"line":3,"column":0},"end":{"line":3,"column":16}},"3":{"start":{"line":7,"column":0},"end":{"line":7,"column":31}}},"fnMap":{"0":{"name":"createInterface","decl":{"start":{"line":3,"column":16},"end":{"line":3,"column":31}},"loc":{"start":{"line":3,"column":40},"end":{"line":5,"column":1}}}},"branchMap":{},"s":{"0":13,"1":10,"2":13,"3":13},"f":{"0":10},"b":{}}
,"/Users/admin/Documents/GitHub/POOLTogether/backend/LIBRARIES/v4-js/src/utils/formatTierToBasePercentage.ts": {"path":"/Users/admin/Documents/GitHub/POOLTogether/backend/LIBRARIES/v4-js/src/utils/formatTierToBasePercentage.ts","statementMap":{"0":{"start":{"line":1,"column":0},"end":{"line":1,"column":50}},"1":{"start":{"line":3,"column":0},"end":{"line":3,"column":49}},"2":{"start":{"line":6,"column":2},"end":{"line":6,"column":64}},"3":{"start":{"line":5,"column":0},"end":{"line":5,"column":16}}},"fnMap":{"0":{"name":"formatTierToBasePercentage","decl":{"start":{"line":5,"column":16},"end":{"line":5,"column":42}},"loc":{"start":{"line":5,"column":63},"end":{"line":7,"column":1}}}},"branchMap":{},"s":{"0":14,"1":14,"2":40,"3":14},"f":{"0":40},"b":{}}
,"/Users/admin/Documents/GitHub/POOLTogether/backend/LIBRARIES/v4-js/src/utils/getContract.ts": {"path":"/Users/admin/Documents/GitHub/POOLTogether/backend/LIBRARIES/v4-js/src/utils/getContract.ts","statementMap":{"0":{"start":{"line":2,"column":0},"end":{"line":2,"column":52}},"1":{"start":{"line":9,"column":27},"end":{"line":16,"column":1}},"2":{"start":{"line":14,"column":2},"end":{"line":14,"column":46}},"3":{"start":{"line":14,"column":29},"end":{"line":14,"column":46}},"4":{"start":{"line":15,"column":2},"end":{"line":15,"column":60}},"5":{"start":{"line":9,"column":13},"end":{"line":9,"column":27}}},"fnMap":{"0":{"name":"(anonymous_0)","decl":{"start":{"line":9,"column":27},"end":{"line":9,"column":null}},"loc":{"start":{"line":12,"column":54},"end":{"line":16,"column":1}}}},"branchMap":{"0":{"loc":{"start":{"line":14,"column":2},"end":{"line":14,"column":46}},"type":"if","locations":[{"start":{"line":14,"column":2},"end":{"line":14,"column":46}}]},"1":{"loc":{"start":{"line":14,"column":6},"end":{"line":14,"column":27}},"type":"binary-expr","locations":[{"start":{"line":14,"column":6},"end":{"line":14,"column":14}},{"start":{"line":14,"column":18},"end":{"line":14,"column":27}}]}},"s":{"0":0,"1":0,"2":0,"3":0,"4":0,"5":0},"f":{"0":0},"b":{"0":[0],"1":[0,0]}}
,"/Users/admin/Documents/GitHub/POOLTogether/backend/LIBRARIES/v4-js/src/utils/getInterface.ts": {"path":"/Users/admin/Documents/GitHub/POOLTogether/backend/LIBRARIES/v4-js/src/utils/getInterface.ts","statementMap":{"0":{"start":{"line":1,"column":0},"end":{"line":1,"column":47}},"1":{"start":{"line":4,"column":2},"end":{"line":4,"column":28}},"2":{"start":{"line":3,"column":0},"end":{"line":3,"column":16}},"3":{"start":{"line":7,"column":0},"end":{"line":7,"column":28}}},"fnMap":{"0":{"name":"getInterface","decl":{"start":{"line":3,"column":16},"end":{"line":3,"column":28}},"loc":{"start":{"line":3,"column":37},"end":{"line":5,"column":1}}}},"branchMap":{},"s":{"0":0,"1":0,"2":0,"3":0},"f":{"0":0},"b":{}}
,"/Users/admin/Documents/GitHub/POOLTogether/backend/LIBRARIES/v4-js/src/utils/getJsonRpcProvider.ts": {"path":"/Users/admin/Documents/GitHub/POOLTogether/backend/LIBRARIES/v4-js/src/utils/getJsonRpcProvider.ts","statementMap":{"0":{"start":{"line":1,"column":0},"end":{"line":1,"column":59}},"1":{"start":{"line":4,"column":2},"end":{"line":4,"column":34}},"2":{"start":{"line":3,"column":0},"end":{"line":3,"column":16}},"3":{"start":{"line":7,"column":0},"end":{"line":7,"column":34}}},"fnMap":{"0":{"name":"getJsonRpcProvider","decl":{"start":{"line":3,"column":16},"end":{"line":3,"column":34}},"loc":{"start":{"line":3,"column":46},"end":{"line":5,"column":1}}}},"branchMap":{},"s":{"0":13,"1":48,"2":13,"3":13},"f":{"0":48},"b":{}}
,"/Users/admin/Documents/GitHub/POOLTogether/backend/LIBRARIES/v4-js/src/utils/getProviderFromChainId.ts": {"path":"/Users/admin/Documents/GitHub/POOLTogether/backend/LIBRARIES/v4-js/src/utils/getProviderFromChainId.ts","statementMap":{"0":{"start":{"line":2,"column":0},"end":{"line":2,"column":54}},"1":{"start":{"line":4,"column":0},"end":{"line":4,"column":null}},"2":{"start":{"line":15,"column":2},"end":{"line":33,"column":null}},"3":{"start":{"line":18,"column":6},"end":{"line":18,"column":53}},"4":{"start":{"line":21,"column":6},"end":{"line":21,"column":53}},"5":{"start":{"line":24,"column":6},"end":{"line":24,"column":52}},"6":{"start":{"line":27,"column":6},"end":{"line":27,"column":61}},"7":{"start":{"line":30,"column":6},"end":{"line":30,"column":60}},"8":{"start":{"line":32,"column":6},"end":{"line":32,"column":53}},"9":{"start":{"line":12,"column":0},"end":{"line":12,"column":16}},"10":{"start":{"line":36,"column":0},"end":{"line":36,"column":38}}},"fnMap":{"0":{"name":"getProviderFromChainId","decl":{"start":{"line":12,"column":16},"end":{"line":12,"column":38}},"loc":{"start":{"line":13,"column":26},"end":{"line":34,"column":1}}}},"branchMap":{"0":{"loc":{"start":{"line":15,"column":2},"end":{"line":33,"column":null}},"type":"switch","locations":[{"start":{"line":16,"column":4},"end":{"line":16,"column":11}},{"start":{"line":17,"column":4},"end":{"line":18,"column":53}},{"start":{"line":19,"column":4},"end":{"line":19,"column":11}},{"start":{"line":20,"column":4},"end":{"line":21,"column":53}},{"start":{"line":22,"column":4},"end":{"line":22,"column":11}},{"start":{"line":23,"column":4},"end":{"line":24,"column":52}},{"start":{"line":25,"column":4},"end":{"line":25,"column":13}},{"start":{"line":26,"column":4},"end":{"line":27,"column":61}},{"start":{"line":28,"column":4},"end":{"line":28,"column":15}},{"start":{"line":29,"column":4},"end":{"line":30,"column":60}},{"start":{"line":31,"column":4},"end":{"line":32,"column":53}}]}},"s":{"0":13,"1":13,"2":48,"3":12,"4":12,"5":0,"6":12,"7":12,"8":0,"9":13,"10":13},"f":{"0":48},"b":{"0":[12,12,12,12,0,0,12,12,12,12,0]}}
,"/Users/admin/Documents/GitHub/POOLTogether/backend/LIBRARIES/v4-js/src/utils/index.ts": {"path":"/Users/admin/Documents/GitHub/POOLTogether/backend/LIBRARIES/v4-js/src/utils/index.ts","statementMap":{"0":{"start":{"line":1,"column":0},"end":{"line":1,"column":33}},"1":{"start":{"line":2,"column":0},"end":{"line":2,"column":34}},"2":{"start":{"line":3,"column":0},"end":{"line":3,"column":45}},"3":{"start":{"line":4,"column":0},"end":{"line":4,"column":37}},"4":{"start":{"line":5,"column":0},"end":{"line":5,"column":41}},"5":{"start":{"line":6,"column":0},"end":{"line":6,"column":48}},"6":{"start":{"line":7,"column":0},"end":{"line":7,"column":46}},"7":{"start":{"line":8,"column":0},"end":{"line":8,"column":50}},"8":{"start":{"line":9,"column":0},"end":{"line":9,"column":32}}},"fnMap":{},"branchMap":{},"s":{"0":13,"1":13,"2":13,"3":13,"4":13,"5":13,"6":13,"7":13,"8":13},"f":{},"b":{}}
,"/Users/admin/Documents/GitHub/POOLTogether/backend/LIBRARIES/v4-js/src/utils/isContractConnectedToProvider.ts": {"path":"/Users/admin/Documents/GitHub/POOLTogether/backend/LIBRARIES/v4-js/src/utils/isContractConnectedToProvider.ts","statementMap":{"0":{"start":{"line":4,"column":2},"end":{"line":4,"column":30}},"1":{"start":{"line":3,"column":0},"end":{"line":3,"column":16}},"2":{"start":{"line":7,"column":0},"end":{"line":7,"column":45}}},"fnMap":{"0":{"name":"isContractConnectedToProvider","decl":{"start":{"line":3,"column":16},"end":{"line":3,"column":45}},"loc":{"start":{"line":3,"column":65},"end":{"line":5,"column":1}}}},"branchMap":{"0":{"loc":{"start":{"line":4,"column":11},"end":{"line":4,"column":29}},"type":"cond-expr","locations":[{"start":{"line":4,"column":19},"end":{"line":4,"column":21}},{"start":{"line":4,"column":11},"end":{"line":4,"column":29}}]},"1":{"loc":{"start":{"line":4,"column":11},"end":{"line":4,"column":21}},"type":"binary-expr","locations":[{"start":{"line":4,"column":11},"end":{"line":4,"column":21}},{"start":{"line":4,"column":11},"end":{"line":4,"column":21}}]}},"s":{"0":4,"1":13,"2":13},"f":{"0":4},"b":{"0":[0,4],"1":[4,4]}}
,"/Users/admin/Documents/GitHub/POOLTogether/backend/LIBRARIES/v4-js/src/utils/isContractConnectedToSigner.ts": {"path":"/Users/admin/Documents/GitHub/POOLTogether/backend/LIBRARIES/v4-js/src/utils/isContractConnectedToSigner.ts","statementMap":{"0":{"start":{"line":4,"column":2},"end":{"line":4,"column":28}},"1":{"start":{"line":3,"column":0},"end":{"line":3,"column":16}},"2":{"start":{"line":7,"column":0},"end":{"line":7,"column":43}}},"fnMap":{"0":{"name":"isContractConnectedToSigner","decl":{"start":{"line":3,"column":16},"end":{"line":3,"column":43}},"loc":{"start":{"line":3,"column":63},"end":{"line":5,"column":1}}}},"branchMap":{"0":{"loc":{"start":{"line":4,"column":11},"end":{"line":4,"column":27}},"type":"cond-expr","locations":[{"start":{"line":4,"column":19},"end":{"line":4,"column":21}},{"start":{"line":4,"column":11},"end":{"line":4,"column":27}}]},"1":{"loc":{"start":{"line":4,"column":11},"end":{"line":4,"column":21}},"type":"binary-expr","locations":[{"start":{"line":4,"column":11},"end":{"line":4,"column":21}},{"start":{"line":4,"column":11},"end":{"line":4,"column":21}}]}},"s":{"0":1,"1":13,"2":13},"f":{"0":1},"b":{"0":[0,1],"1":[1,1]}}
,"/Users/admin/Documents/GitHub/POOLTogether/backend/LIBRARIES/v4-js/src/utils/sumBigNumbers.ts": {"path":"/Users/admin/Documents/GitHub/POOLTogether/backend/LIBRARIES/v4-js/src/utils/sumBigNumbers.ts","statementMap":{"0":{"start":{"line":4,"column":2},"end":{"line":4,"column":22}},"1":{"start":{"line":8,"column":2},"end":{"line":8,"column":42}},"2":{"start":{"line":7,"column":0},"end":{"line":7,"column":16}}},"fnMap":{"0":{"name":"sumTwoBigNumbers","decl":{"start":{"line":3,"column":9},"end":{"line":3,"column":25}},"loc":{"start":{"line":3,"column":56},"end":{"line":5,"column":1}}},"1":{"name":"sumBigNumbers","decl":{"start":{"line":7,"column":16},"end":{"line":7,"column":29}},"loc":{"start":{"line":7,"column":50},"end":{"line":9,"column":1}}}},"branchMap":{},"s":{"0":2,"1":3,"2":13},"f":{"0":2,"1":3},"b":{}}
,"/Users/admin/Documents/GitHub/POOLTogether/backend/LIBRARIES/v4-js/src/utils/validateContractListIsConnected.ts": {"path":"/Users/admin/Documents/GitHub/POOLTogether/backend/LIBRARIES/v4-js/src/utils/validateContractListIsConnected.ts","statementMap":{"0":{"start":{"line":2,"column":0},"end":{"line":2,"column":80}},"1":{"start":{"line":7,"column":2},"end":{"line":14,"column":null}},"2":{"start":{"line":7,"column":19},"end":{"line":7,"column":20}},"3":{"start":{"line":8,"column":20},"end":{"line":8,"column":36}},"4":{"start":{"line":9,"column":4},"end":{"line":9,"column":59}},"5":{"start":{"line":9,"column":18},"end":{"line":9,"column":59}},"6":{"start":{"line":10,"column":4},"end":{"line":13,"column":8}},"7":{"start":{"line":11,"column":6},"end":{"line":13,"column":8}},"8":{"start":{"line":15,"column":2},"end":{"line":15,"column":14}},"9":{"start":{"line":4,"column":0},"end":{"line":4,"column":16}},"10":{"start":{"line":18,"column":0},"end":{"line":18,"column":47}}},"fnMap":{"0":{"name":"validateContractListIsConnected","decl":{"start":{"line":4,"column":16},"end":{"line":4,"column":47}},"loc":{"start":{"line":5,"column":40},"end":{"line":16,"column":1}}}},"branchMap":{"0":{"loc":{"start":{"line":9,"column":4},"end":{"line":9,"column":59}},"type":"if","locations":[{"start":{"line":9,"column":4},"end":{"line":9,"column":59}}]},"1":{"loc":{"start":{"line":10,"column":4},"end":{"line":13,"column":8}},"type":"if","locations":[{"start":{"line":10,"column":4},"end":{"line":13,"column":8}}]}},"s":{"0":13,"1":1,"2":1,"3":3,"4":3,"5":0,"6":3,"7":0,"8":1,"9":13,"10":13},"f":{"0":1},"b":{"0":[0],"1":[0]}}
,"/Users/admin/Documents/GitHub/POOLTogether/backend/LIBRARIES/v4-js/src/utils/validatePrizeDistributionParameters.ts": {"path":"/Users/admin/Documents/GitHub/POOLTogether/backend/LIBRARIES/v4-js/src/utils/validatePrizeDistributionParameters.ts","statementMap":{"0":{"start":{"line":4,"column":2},"end":{"line":4,"column":55}},"1":{"start":{"line":3,"column":0},"end":{"line":3,"column":16}},"2":{"start":{"line":7,"column":0},"end":{"line":7,"column":38}}},"fnMap":{"0":{"name":"validateDrawParameters","decl":{"start":{"line":3,"column":16},"end":{"line":3,"column":38}},"loc":{"start":{"line":3,"column":49},"end":{"line":5,"column":1}}}},"branchMap":{"0":{"loc":{"start":{"line":4,"column":9},"end":{"line":4,"column":54}},"type":"binary-expr","locations":[{"start":{"line":4,"column":9},"end":{"line":4,"column":13}},{"start":{"line":4,"column":17},"end":{"line":4,"column":32}},{"start":{"line":4,"column":36},"end":{"line":4,"column":54}}]}},"s":{"0":0,"1":12,"2":12},"f":{"0":0},"b":{"0":[0,0,0]}}
}
