TN:
SF:src/PoolTogetherV4.ts
FN:14,(anonymous_0)
FN:21,PoolTogetherV4
FN:39,(anonymous_2)
FN:45,(anonymous_3)
FN:49,(anonymous_4)
FN:50,(anonymous_7)
FN:55,(anonymous_8)
FN:58,(anonymous_9)
FN:69,(anonymous_10)
FN:71,(anonymous_11)
FN:76,(anonymous_12)
FNF:11
FNH:5
FNDA:12,(anonymous_0)
FNDA:9,PoolTogetherV4
FNDA:0,(anonymous_2)
FNDA:11,(anonymous_3)
FNDA:0,(anonymous_4)
FNDA:0,(anonymous_7)
FNDA:10,(anonymous_8)
FNDA:128,(anonymous_9)
FNDA:0,(anonymous_10)
FNDA:0,(anonymous_11)
FNDA:0,(anonymous_12)
DA:1,12
DA:4,12
DA:8,12
DA:9,12
DA:14,12
DA:26,9
DA:27,3
DA:30,6
DA:31,6
DA:32,6
DA:33,6
DA:35,6
DA:36,6
DA:39,12
DA:40,0
DA:45,12
DA:46,11
DA:49,12
DA:50,0
DA:51,0
DA:55,12
DA:56,10
DA:57,10
DA:58,128
DA:60,10
DA:61,10
DA:62,10
DA:69,12
DA:70,0
DA:71,0
DA:72,0
DA:76,12
DA:77,0
DA:79,12
DA:81,12
LF:35
LH:28
BRDA:26,0,0,3
BRDA:40,1,0,0
BRDA:40,1,1,0
BRDA:46,2,0,0
BRDA:46,2,1,11
BRDA:56,3,0,0
BRDA:60,4,0,0
BRDA:70,5,0,0
BRDA:70,6,0,0
BRDA:70,6,1,0
BRF:10
BRH:2
end_of_record
TN:
SF:src/batchCalculateDrawResults.ts
FN:5,batchCalculateDrawResults
FN:11,(anonymous_1)
FNF:2
FNH:2
FNDA:2,batchCalculateDrawResults
FNDA:2,(anonymous_1)
DA:2,13
DA:5,13
DA:10,2
DA:11,2
DA:12,2
DA:18,2
DA:20,2
LF:7
LH:7
BRF:0
BRH:0
end_of_record
TN:
SF:src/calculateDrawResults.ts
FN:10,calculateDrawResults
FNF:1
FNH:1
FNDA:2,calculateDrawResults
DA:1,13
DA:2,13
DA:3,13
DA:5,13
DA:6,13
DA:8,13
DA:10,13
DA:14,2
DA:17,2
DA:20,2
DA:21,0
DA:27,2
DA:32,2
DA:36,2
DA:42,2
DA:49,2
DA:51,2
LF:17
LH:16
BRDA:14,0,0,0
BRDA:20,1,0,0
BRF:2
BRH:0
end_of_record
TN:
SF:src/calculatePicks.ts
FN:4,calculatePicks
FNF:1
FNH:1
FNDA:2,calculatePicks
DA:2,12
DA:3,12
DA:4,12
DA:12,2
DA:13,2
DA:14,2
DA:15,2
DA:18,2
DA:19,2
DA:23,2
DA:24,2
DA:28,0
DA:30,2
DA:31,2
DA:34,12
LF:15
LH:14
BRDA:12,0,0,0
BRDA:12,1,0,2
BRDA:12,1,1,2
BRDA:23,2,0,2
BRDA:23,2,1,0
BRF:5
BRH:3
end_of_record
TN:
SF:src/calculatePicksFromAverageTotalSuppliesBetween.ts
FN:6,calculatePicksFromAverageTotalSuppliesBetween
FNF:1
FNH:1
FNDA:2,calculatePicksFromAverageTotalSuppliesBetween
DA:1,12
DA:2,12
DA:6,12
DA:11,2
DA:15,0
DA:17,2
DA:18,2
DA:22,0
DA:24,2
DA:29,2
DA:32,12
LF:11
LH:9
BRDA:11,0,0,0
BRDA:12,1,0,2
BRDA:12,1,1,2
BRDA:17,2,0,2
BRDA:17,2,1,0
BRF:5
BRH:3
end_of_record
TN:
SF:src/computeCardinality.ts
FN:3,computeCardinality
FNF:1
FNH:1
FNDA:2,computeCardinality
DA:1,12
DA:3,12
DA:9,2
DA:10,2
DA:12,2
DA:13,10
DA:19,2
DA:20,2
DA:23,12
LF:9
LH:9
BRF:0
BRH:0
end_of_record
TN:
SF:src/computeDrawResults.ts
FN:12,computeDrawResults
FNF:1
FNH:1
FNDA:3,computeDrawResults
DA:9,13
DA:10,13
DA:12,13
DA:18,3
DA:25,3
DA:26,5
DA:27,5
DA:34,5
DA:35,3
DA:39,3
DA:40,3
DA:43,3
LF:12
LH:12
BRDA:34,0,0,3
BRF:1
BRH:1
end_of_record
TN:
SF:src/computePicks.ts
FN:5,computePicks
FN:9,(anonymous_1)
FNF:2
FNH:2
FNDA:1,computePicks
FNDA:3,(anonymous_1)
DA:3,12
DA:5,12
DA:9,3
LF:3
LH:3
BRF:0
BRH:0
end_of_record
TN:
SF:src/computePrizeDistribution.ts
FN:14,computePrizeDistribution
FN:33,(anonymous_3)
FN:101,(anonymous_4)
FNF:3
FNH:3
FNDA:1,computePrizeDistribution
FNDA:1,(anonymous_3)
FNDA:2,(anonymous_4)
DA:1,12
DA:3,12
DA:4,12
DA:8,12
DA:9,12
DA:10,12
DA:11,12
DA:12,12
DA:14,12
DA:20,1
DA:21,1
DA:22,1
DA:23,0
DA:24,1
DA:30,0
DA:31,1
DA:32,1
DA:33,1
DA:34,1
DA:36,1
DA:41,0
DA:42,1
DA:46,1
DA:48,1
DA:55,1
DA:56,1
DA:58,1
DA:60,1
DA:66,1
DA:68,1
DA:69,1
DA:71,1
DA:72,1
DA:73,1
DA:74,1
DA:75,1
DA:77,1
DA:78,1
DA:83,1
DA:84,1
DA:89,1
DA:90,1
DA:92,1
DA:93,1
DA:96,1
DA:97,1
DA:101,1
DA:102,2
DA:105,1
DA:110,1
DA:111,1
DA:117,1
DA:123,1
DA:124,1
DA:125,1
DA:132,1
DA:134,1
DA:145,1
DA:147,1
DA:150,12
LF:60
LH:57
BRDA:22,0,0,0
BRDA:24,1,0,0
BRDA:25,2,0,1
BRDA:25,2,1,1
BRDA:25,2,2,1
BRDA:25,2,3,1
BRDA:36,3,0,0
BRDA:37,4,0,1
BRDA:37,4,1,1
BRDA:37,4,2,1
BRDA:77,5,0,0
BRDA:83,6,0,0
BRDA:124,7,0,1
BRF:13
BRH:8
end_of_record
TN:
SF:src/constants.ts
FNF:0
FNH:0
DA:1,14
DA:3,14
DA:5,14
LF:3
LH:3
BRF:0
BRH:0
end_of_record
TN:
SF:src/generatePicks.ts
FN:6,generatePicks
FNF:1
FNH:1
FNDA:3,generatePicks
DA:1,13
DA:2,13
DA:3,13
DA:6,13
DA:11,3
DA:16,3
DA:21,3
DA:23,3
DA:24,104
DA:26,3
LF:10
LH:10
BRF:0
BRH:0
end_of_record
TN:
SF:src/index.ts
FNF:0
FNH:0
DA:1,12
DA:2,12
DA:3,12
DA:4,12
DA:5,12
DA:6,12
DA:7,12
DA:8,12
DA:9,12
DA:10,12
DA:11,12
DA:12,12
DA:13,12
DA:15,12
DA:16,12
DA:17,12
DA:18,12
DA:19,12
DA:20,12
DA:21,12
DA:23,12
LF:21
LH:21
BRF:0
BRH:0
end_of_record
TN:
SF:src/initialize.ts
FN:5,initialize
FNF:1
FNH:1
FNDA:1,initialize
DA:1,12
DA:5,12
DA:6,1
DA:9,12
LF:4
LH:4
BRF:0
BRH:0
end_of_record
TN:
SF:src/prepareClaims.ts
FN:4,prepareClaims
FN:15,(anonymous_1)
FNF:2
FNH:2
FNDA:1,prepareClaims
FNDA:2,(anonymous_1)
DA:1,13
DA:4,13
DA:5,1
DA:10,1
DA:11,0
DA:15,1
DA:16,2
DA:17,2
DA:19,2
DA:20,2
DA:21,2
DA:23,2
DA:26,1
LF:13
LH:12
BRDA:10,0,0,0
BRDA:16,1,0,2
BRF:2
BRH:1
end_of_record
TN:
SF:src/config/bridging.ts
FNF:0
FNH:0
DA:1,12
DA:10,12
DA:37,12
DA:64,12
DA:69,12
LF:5
LH:5
BRF:0
BRH:0
end_of_record
TN:
SF:src/config/chains.ts
FNF:0
FNH:0
DA:1,12
DA:7,12
DA:21,12
DA:35,12
DA:49,12
DA:63,12
DA:77,12
DA:91,12
DA:105,12
DA:115,12
LF:10
LH:10
BRF:0
BRH:0
end_of_record
TN:
SF:src/config/index.ts
FNF:0
FNH:0
DA:1,12
DA:2,12
DA:3,12
DA:4,12
DA:5,12
DA:11,12
DA:12,12
DA:13,12
DA:14,12
DA:15,12
DA:16,12
LF:11
LH:11
BRF:0
BRH:0
end_of_record
TN:
SF:src/config/networks.ts
FNF:0
FNH:0
DA:1,13
DA:3,13
DA:8,13
DA:12,13
DA:16,13
DA:19,13
DA:22,13
DA:26,13
DA:29,13
DA:33,13
LF:10
LH:10
BRDA:4,0,0,0
BRDA:4,0,1,13
BRDA:4,1,0,13
BRDA:4,1,1,13
BRDA:9,2,0,13
BRDA:9,2,1,13
BRDA:13,3,0,13
BRDA:13,3,1,13
BRDA:17,4,0,13
BRDA:17,4,1,13
BRDA:20,5,0,13
BRDA:20,5,1,13
BRDA:23,6,0,13
BRDA:23,6,1,13
BRDA:27,7,0,13
BRDA:27,7,1,13
BRDA:30,8,0,13
BRDA:30,8,1,13
BRDA:34,9,0,13
BRDA:34,9,1,13
BRF:20
BRH:19
end_of_record
TN:
SF:src/config/providers.ts
FNF:0
FNH:0
DA:1,12
DA:3,12
DA:8,12
DA:13,12
DA:18,12
LF:5
LH:5
BRF:0
BRH:0
end_of_record
TN:
SF:src/fetching/getMultiTicketAverageTotalSuppliesBetween.ts
FN:4,getMultiTicketAverageTotalSuppliesBetween
FN:11,(anonymous_3)
FN:11,(anonymous_4)
FNF:3
FNH:3
FNDA:1,getMultiTicketAverageTotalSuppliesBetween
FNDA:2,(anonymous_3)
FNDA:2,(anonymous_4)
DA:4,12
DA:9,1
DA:10,1
DA:11,2
DA:12,2
DA:13,2
DA:14,2
DA:20,12
LF:8
LH:8
BRDA:10,0,0,1
BRDA:9,1,0,0
BRDA:9,2,0,1
BRDA:9,2,1,1
BRDA:9,2,2,1
BRDA:13,3,0,2
BRDA:12,4,0,0
BRF:7
BRH:5
end_of_record
TN:
SF:src/fetching/index.ts
FNF:0
FNH:0
DA:1,12
LF:1
LH:1
BRF:0
BRH:0
end_of_record
TN:
SF:src/helpers/calculateFractionOfPrize.ts
FN:8,calculateFractionOfPrize
FNF:1
FNH:1
FNDA:3,calculateFractionOfPrize
DA:1,13
DA:2,13
DA:4,13
DA:6,13
DA:8,13
DA:12,3
DA:17,3
DA:19,3
DA:20,3
DA:25,3
DA:30,3
DA:33,3
DA:34,3
LF:13
LH:13
BRF:0
BRH:0
end_of_record
TN:
SF:src/helpers/calculateNumberOfPicksForUser.ts
FN:4,calculateNumberOfPicksForUser
FNF:1
FNH:1
FNDA:3,calculateNumberOfPicksForUser
DA:1,13
DA:4,13
DA:8,3
DA:9,3
LF:4
LH:4
BRF:0
BRH:0
end_of_record
TN:
SF:src/helpers/calculateNumberOfPrizesForIndex.ts
FN:1,calculateNumberOfPrizesForIndex
FNF:1
FNH:1
FNDA:3,calculateNumberOfPrizesForIndex
DA:1,13
DA:5,3
DA:6,3
DA:8,3
DA:9,11
DA:10,11
DA:13,3
LF:7
LH:7
BRF:0
BRH:0
end_of_record
TN:
SF:src/helpers/calculatePickPrize.ts
FN:9,calculatePickPrize
FNF:1
FNH:1
FNDA:5,calculatePickPrize
DA:1,13
DA:3,13
DA:4,13
DA:6,13
DA:9,13
DA:14,5
DA:15,5
DA:17,5
DA:18,5
DA:22,10
DA:23,10
DA:25,10
DA:34,4
DA:36,6
DA:38,5
DA:40,5
DA:42,5
DA:43,3
DA:44,3
DA:47,2
LF:20
LH:20
BRDA:25,0,0,4
BRDA:42,1,0,3
BRF:2
BRH:2
end_of_record
TN:
SF:src/helpers/calculatePrizeAmount.ts
FN:7,calculatePrizeAmount
FNF:1
FNH:1
FNDA:5,calculatePrizeAmount
DA:2,13
DA:4,13
DA:7,13
DA:13,5
DA:14,5
DA:18,5
DA:20,3
DA:24,3
DA:30,2
LF:9
LH:9
BRDA:18,0,0,3
BRF:1
BRH:1
end_of_record
TN:
SF:src/helpers/calculatePrizeForDistributionIndex.ts
FN:5,calculatePrizeForDistributionIndex
FNF:1
FNH:1
FNDA:3,calculatePrizeForDistributionIndex
DA:1,13
DA:3,13
DA:5,13
DA:10,3
DA:14,3
DA:17,3
DA:21,3
LF:7
LH:7
BRF:0
BRH:0
end_of_record
TN:
SF:src/helpers/computePick.ts
FN:6,computePick
FNF:1
FNH:1
FNDA:107,computePick
DA:2,13
DA:4,13
DA:6,13
DA:7,107
DA:8,107
DA:12,107
DA:17,107
DA:22,107
LF:8
LH:8
BRF:0
BRH:0
end_of_record
TN:
SF:src/helpers/filterResultsByValue.ts
FN:7,filterResultsByValue
FN:18,(anonymous_1)
FN:28,(anonymous_2)
FN:31,(anonymous_3)
FNF:4
FNH:4
FNDA:3,filterResultsByValue
FNDA:2,(anonymous_1)
FNDA:2,(anonymous_2)
FNDA:3,(anonymous_3)
DA:2,14
DA:5,14
DA:7,14
DA:12,3
DA:13,1
DA:17,1
DA:19,2
DA:20,2
DA:21,2
DA:22,2
DA:26,1
DA:28,2
DA:30,1
DA:31,3
DA:34,1
DA:42,2
LF:16
LH:16
BRDA:12,0,0,1
BRDA:20,1,0,0
BRDA:21,2,0,0
BRF:3
BRH:1
end_of_record
TN:
SF:src/helpers/findBitMatchesAtIndex.ts
FN:5,findBitMatchesAtIndex
FNF:1
FNH:1
FNDA:15,findBitMatchesAtIndex
DA:2,14
DA:5,14
DA:11,15
DA:12,15
DA:14,15
DA:15,15
DA:16,15
DA:17,15
DA:19,15
DA:21,15
DA:22,15
DA:23,15
DA:24,15
DA:25,15
DA:26,15
DA:27,15
DA:28,15
DA:31,15
LF:18
LH:18
BRF:0
BRH:0
end_of_record
TN:
SF:src/helpers/sanityCheckPrizeDistribution.ts
FN:5,sanityCheckPrizeDistribution
FNF:1
FNH:1
FNDA:2,sanityCheckPrizeDistribution
DA:1,13
DA:5,13
DA:8,2
DA:12,0
DA:14,2
DA:15,2
DA:16,7
DA:18,2
DA:19,0
DA:22,2
LF:10
LH:8
BRDA:8,0,0,0
BRDA:8,0,1,2
BRDA:18,1,0,0
BRF:3
BRH:1
end_of_record
TN:
SF:src/utils/createContract.ts
FN:9,(anonymous_0)
FNF:1
FNH:1
FNDA:10,(anonymous_0)
DA:2,13
DA:9,13
DA:14,10
DA:15,10
DA:18,13
LF:5
LH:5
BRDA:14,0,0,0
BRDA:14,1,0,10
BRDA:14,1,1,10
BRF:3
BRH:2
end_of_record
TN:
SF:src/utils/createInterface.ts
FN:3,createInterface
FNF:1
FNH:1
FNDA:10,createInterface
DA:1,13
DA:3,13
DA:4,10
DA:7,13
LF:4
LH:4
BRF:0
BRH:0
end_of_record
TN:
SF:src/utils/formatTierToBasePercentage.ts
FN:5,formatTierToBasePercentage
FNF:1
FNH:1
FNDA:40,formatTierToBasePercentage
DA:1,14
DA:3,14
DA:5,14
DA:6,40
LF:4
LH:4
BRF:0
BRH:0
end_of_record
TN:
SF:src/utils/getContract.ts
FN:9,(anonymous_0)
FNF:1
FNH:0
FNDA:0,(anonymous_0)
DA:2,0
DA:9,0
DA:14,0
DA:15,0
LF:4
LH:0
BRDA:14,0,0,0
BRDA:14,1,0,0
BRDA:14,1,1,0
BRF:3
BRH:0
end_of_record
TN:
SF:src/utils/getInterface.ts
FN:3,getInterface
FNF:1
FNH:0
FNDA:0,getInterface
DA:1,0
DA:3,0
DA:4,0
DA:7,0
LF:4
LH:0
BRF:0
BRH:0
end_of_record
TN:
SF:src/utils/getJsonRpcProvider.ts
FN:3,getJsonRpcProvider
FNF:1
FNH:1
FNDA:48,getJsonRpcProvider
DA:1,13
DA:3,13
DA:4,48
DA:7,13
LF:4
LH:4
BRF:0
BRH:0
end_of_record
TN:
SF:src/utils/getProviderFromChainId.ts
FN:12,getProviderFromChainId
FNF:1
FNH:1
FNDA:48,getProviderFromChainId
DA:2,13
DA:4,13
DA:12,13
DA:15,48
DA:18,12
DA:21,12
DA:24,0
DA:27,12
DA:30,12
DA:32,0
DA:36,13
LF:11
LH:9
BRDA:15,0,0,12
BRDA:15,0,1,12
BRDA:15,0,2,12
BRDA:15,0,3,12
BRDA:15,0,4,0
BRDA:15,0,5,0
BRDA:15,0,6,12
BRDA:15,0,7,12
BRDA:15,0,8,12
BRDA:15,0,9,12
BRDA:15,0,10,0
BRF:11
BRH:8
end_of_record
TN:
SF:src/utils/index.ts
FNF:0
FNH:0
DA:1,13
DA:2,13
DA:3,13
DA:4,13
DA:5,13
DA:6,13
DA:7,13
DA:8,13
DA:9,13
LF:9
LH:9
BRF:0
BRH:0
end_of_record
TN:
SF:src/utils/isContractConnectedToProvider.ts
FN:3,isContractConnectedToProvider
FNF:1
FNH:1
FNDA:4,isContractConnectedToProvider
DA:3,13
DA:4,4
DA:7,13
LF:3
LH:3
BRDA:4,0,0,0
BRDA:4,0,1,4
BRDA:4,1,0,4
BRDA:4,1,1,4
BRF:4
BRH:3
end_of_record
TN:
SF:src/utils/isContractConnectedToSigner.ts
FN:3,isContractConnectedToSigner
FNF:1
FNH:1
FNDA:1,isContractConnectedToSigner
DA:3,13
DA:4,1
DA:7,13
LF:3
LH:3
BRDA:4,0,0,0
BRDA:4,0,1,1
BRDA:4,1,0,1
BRDA:4,1,1,1
BRF:4
BRH:3
end_of_record
TN:
SF:src/utils/sumBigNumbers.ts
FN:3,sumTwoBigNumbers
FN:7,sumBigNumbers
FNF:2
FNH:2
FNDA:2,sumTwoBigNumbers
FNDA:3,sumBigNumbers
DA:4,2
DA:7,13
DA:8,3
LF:3
LH:3
BRF:0
BRH:0
end_of_record
TN:
SF:src/utils/validateContractListIsConnected.ts
FN:4,validateContractListIsConnected
FNF:1
FNH:1
FNDA:1,validateContractListIsConnected
DA:2,13
DA:4,13
DA:7,1
DA:8,3
DA:9,3
DA:10,3
DA:11,0
DA:15,1
DA:18,13
LF:9
LH:8
BRDA:9,0,0,0
BRDA:10,1,0,0
BRF:2
BRH:0
end_of_record
TN:
SF:src/utils/validatePrizeDistributionParameters.ts
FN:3,validateDrawParameters
FNF:1
FNH:0
FNDA:0,validateDrawParameters
DA:3,12
DA:4,0
DA:7,12
LF:3
LH:2
BRDA:4,0,0,0
BRDA:4,0,1,0
BRDA:4,0,2,0
BRF:3
BRH:0
end_of_record
